[0.012s] Invoking command in '/home/server/dev_ws/build/my_bot': CMAKE_PREFIX_PATH=/opt/ros/humble /usr/bin/cmake /home/server/dev_ws/src/my_bot -DAMENT_CMAKE_SYMLINK_INSTALL=1 -DCMAKE_INSTALL_PREFIX=/home/server/dev_ws/install/my_bot
[0.027s] -- Found ament_cmake: 1.3.5 (/opt/ros/humble/share/ament_cmake/cmake)
[0.174s] -- Override CMake install command with custom implementation using symlinks instead of copying resources
[0.192s] -- Found ament_lint_auto: 0.12.7 (/opt/ros/humble/share/ament_lint_auto/cmake)
[0.276s] -- Added test 'flake8' to check Python code syntax and style conventions
[0.278s] -- Added test 'lint_cmake' to check CMake code style
[0.280s] -- Added test 'pep257' to check Python code against some of the docstring style conventions in PEP 257
[0.287s] -- Added test 'xmllint' to check XML markup files
[0.289s] -- Configuring done
[0.292s] -- Generating done
[0.293s] -- Build files have been written to: /home/server/dev_ws/build/my_bot
[0.296s] Invoked command in '/home/server/dev_ws/build/my_bot' returned '0': CMAKE_PREFIX_PATH=/opt/ros/humble /usr/bin/cmake /home/server/dev_ws/src/my_bot -DAMENT_CMAKE_SYMLINK_INSTALL=1 -DCMAKE_INSTALL_PREFIX=/home/server/dev_ws/install/my_bot
[0.298s] Invoking command in '/home/server/dev_ws/build/my_bot': CMAKE_PREFIX_PATH=/opt/ros/humble /usr/bin/cmake --build /home/server/dev_ws/build/my_bot -- -j8 -l8
[0.333s] Invoked command in '/home/server/dev_ws/build/my_bot' returned '0': CMAKE_PREFIX_PATH=/opt/ros/humble /usr/bin/cmake --build /home/server/dev_ws/build/my_bot -- -j8 -l8
[0.361s] Invoking command in '/home/server/dev_ws/build/my_bot': CMAKE_PREFIX_PATH=/opt/ros/humble /usr/bin/cmake --install /home/server/dev_ws/build/my_bot
[0.368s] -- Install configuration: ""
[0.368s] -- Execute custom install script
[0.369s] -- Symlinking: /home/server/dev_ws/install/my_bot/share/my_bot/config/gazebo_params.yaml
[0.376s] -- Symlinking: /home/server/dev_ws/install/my_bot/share/my_bot/config/main.rviz
[0.384s] -- Symlinking: /home/server/dev_ws/install/my_bot/share/my_bot/config/my_controllers.yaml
[0.392s] -- Symlinking: /home/server/dev_ws/install/my_bot/share/my_bot/config/xe.rviz
[0.400s] -- Symlinking: /home/server/dev_ws/install/my_bot/share/my_bot/description/camera.xacro
[0.409s] -- Symlinking: /home/server/dev_ws/install/my_bot/share/my_bot/description/gazebo_control.xacro
[0.417s] -- Symlinking: /home/server/dev_ws/install/my_bot/share/my_bot/description/inertial_macros.xacro
[0.427s] -- Symlinking: /home/server/dev_ws/install/my_bot/share/my_bot/description/robot.urdf.xacro
[0.436s] -- Symlinking: /home/server/dev_ws/install/my_bot/share/my_bot/description/robot_core.xacro
[0.444s] -- Symlinking: /home/server/dev_ws/install/my_bot/share/my_bot/description/ros2_control.xacro
[0.453s] -- Symlinking: /home/server/dev_ws/install/my_bot/share/my_bot/worlds/empty.world
[0.461s] -- Symlinking: /home/server/dev_ws/install/my_bot/share/my_bot/worlds/mp.world
[0.471s] -- Symlinking: /home/server/dev_ws/install/my_bot/share/my_bot/launch/launch_robot.launch.py
[0.479s] -- Symlinking: /home/server/dev_ws/install/my_bot/share/my_bot/launch/launch_sim.launch.py
[0.488s] -- Symlinking: /home/server/dev_ws/install/my_bot/share/my_bot/launch/rsp.launch.py
[0.496s] -- Symlinking: /home/server/dev_ws/install/my_bot/share/my_bot/meshes/collision/base_caster_link.STL
[0.505s] -- Symlinking: /home/server/dev_ws/install/my_bot/share/my_bot/meshes/collision/base_link.STL
[0.514s] -- Symlinking: /home/server/dev_ws/install/my_bot/share/my_bot/meshes/collision/camera_link.STL
[0.525s] -- Symlinking: /home/server/dev_ws/install/my_bot/share/my_bot/meshes/collision/left_wheel_link.STL
[0.534s] -- Symlinking: /home/server/dev_ws/install/my_bot/share/my_bot/meshes/collision/right_wheel_link.STL
[0.543s] -- Symlinking: /home/server/dev_ws/install/my_bot/share/my_bot/meshes/collision/wheel_caster_link.STL
[0.553s] -- Symlinking: /home/server/dev_ws/install/my_bot/share/my_bot/meshes/visual/base_caster_link.dae
[0.561s] -- Symlinking: /home/server/dev_ws/install/my_bot/share/my_bot/meshes/visual/base_link.dae
[0.571s] -- Symlinking: /home/server/dev_ws/install/my_bot/share/my_bot/meshes/visual/camera_link.dae
[0.580s] -- Symlinking: /home/server/dev_ws/install/my_bot/share/my_bot/meshes/visual/left_wheel_link.dae
[0.589s] -- Symlinking: /home/server/dev_ws/install/my_bot/share/my_bot/meshes/visual/right_wheel_link.dae
[0.597s] -- Symlinking: /home/server/dev_ws/install/my_bot/share/my_bot/meshes/visual/wheel_caster_link.dae
[0.608s] -- Symlinking: /home/server/dev_ws/install/my_bot/share/ament_index/resource_index/package_run_dependencies/my_bot
[0.618s] -- Symlinking: /home/server/dev_ws/install/my_bot/share/ament_index/resource_index/parent_prefix_path/my_bot
[0.630s] -- Symlinking: /home/server/dev_ws/install/my_bot/share/my_bot/environment/ament_prefix_path.sh
[0.639s] -- Symlinking: /home/server/dev_ws/install/my_bot/share/my_bot/environment/ament_prefix_path.dsv
[0.650s] -- Symlinking: /home/server/dev_ws/install/my_bot/share/my_bot/environment/path.sh
[0.660s] -- Symlinking: /home/server/dev_ws/install/my_bot/share/my_bot/environment/path.dsv
[0.674s] -- Symlinking: /home/server/dev_ws/install/my_bot/share/my_bot/local_setup.bash
[0.682s] -- Symlinking: /home/server/dev_ws/install/my_bot/share/my_bot/local_setup.sh
[0.694s] -- Symlinking: /home/server/dev_ws/install/my_bot/share/my_bot/local_setup.zsh
[0.706s] -- Symlinking: /home/server/dev_ws/install/my_bot/share/my_bot/local_setup.dsv
[0.719s] -- Symlinking: /home/server/dev_ws/install/my_bot/share/my_bot/package.dsv
[0.729s] -- Symlinking: /home/server/dev_ws/install/my_bot/share/ament_index/resource_index/packages/my_bot
[0.737s] -- Symlinking: /home/server/dev_ws/install/my_bot/share/my_bot/cmake/my_botConfig.cmake
[0.746s] -- Symlinking: /home/server/dev_ws/install/my_bot/share/my_bot/cmake/my_botConfig-version.cmake
[0.756s] -- Symlinking: /home/server/dev_ws/install/my_bot/share/my_bot/package.xml
[0.767s] Invoked command in '/home/server/dev_ws/build/my_bot' returned '0': CMAKE_PREFIX_PATH=/opt/ros/humble /usr/bin/cmake --install /home/server/dev_ws/build/my_bot
