-- Install configuration: ""
-- Up-to-date: /home/server/dev_ws/install/my_bot/share/my_bot/config
-- Up-to-date: /home/server/dev_ws/install/my_bot/share/my_bot/config/my_controllers.yaml
-- Up-to-date: /home/server/dev_ws/install/my_bot/share/my_bot/description
-- Up-to-date: /home/server/dev_ws/install/my_bot/share/my_bot/description/camera.xacro
-- Up-to-date: /home/server/dev_ws/install/my_bot/share/my_bot/description/robot.urdf.xacro
-- Up-to-date: /home/server/dev_ws/install/my_bot/share/my_bot/description/robot_core.xacro
-- Up-to-date: /home/server/dev_ws/install/my_bot/share/my_bot/description/ros2_control.xacro
-- Up-to-date: /home/server/dev_ws/install/my_bot/share/my_bot/description/gazebo_control.xacro
-- Up-to-date: /home/server/dev_ws/install/my_bot/share/my_bot/description/inertial_macros.xacro
-- Up-to-date: /home/server/dev_ws/install/my_bot/share/my_bot/launch
-- Up-to-date: /home/server/dev_ws/install/my_bot/share/my_bot/launch/rsp.launch.py
-- Installing: /home/server/dev_ws/install/my_bot/share/my_bot/launch/launch_sim.launch.py
-- Up-to-date: /home/server/dev_ws/install/my_bot/share/my_bot/meshes
-- Up-to-date: /home/server/dev_ws/install/my_bot/share/my_bot/meshes/collision
-- Up-to-date: /home/server/dev_ws/install/my_bot/share/my_bot/meshes/collision/left_wheel_link.STL
-- Up-to-date: /home/server/dev_ws/install/my_bot/share/my_bot/meshes/collision/right_wheel_link.STL
-- Up-to-date: /home/server/dev_ws/install/my_bot/share/my_bot/meshes/collision/camera_link.STL
-- Up-to-date: /home/server/dev_ws/install/my_bot/share/my_bot/meshes/collision/base_link.STL
-- Up-to-date: /home/server/dev_ws/install/my_bot/share/my_bot/meshes/collision/wheel_caster_link.STL
-- Up-to-date: /home/server/dev_ws/install/my_bot/share/my_bot/meshes/collision/base_caster_link.STL
-- Up-to-date: /home/server/dev_ws/install/my_bot/share/my_bot/meshes/visual
-- Up-to-date: /home/server/dev_ws/install/my_bot/share/my_bot/meshes/visual/base_caster_link.dae
-- Up-to-date: /home/server/dev_ws/install/my_bot/share/my_bot/meshes/visual/base_link.dae
-- Up-to-date: /home/server/dev_ws/install/my_bot/share/my_bot/meshes/visual/left_wheel_link.dae
-- Up-to-date: /home/server/dev_ws/install/my_bot/share/my_bot/meshes/visual/right_wheel_link.dae
-- Up-to-date: /home/server/dev_ws/install/my_bot/share/my_bot/meshes/visual/camera_link.dae
-- Up-to-date: /home/server/dev_ws/install/my_bot/share/my_bot/meshes/visual/wheel_caster_link.dae
-- Up-to-date: /home/server/dev_ws/install/my_bot/share/ament_index/resource_index/package_run_dependencies/my_bot
-- Up-to-date: /home/server/dev_ws/install/my_bot/share/ament_index/resource_index/parent_prefix_path/my_bot
-- Up-to-date: /home/server/dev_ws/install/my_bot/share/my_bot/environment/ament_prefix_path.sh
-- Up-to-date: /home/server/dev_ws/install/my_bot/share/my_bot/environment/ament_prefix_path.dsv
-- Up-to-date: /home/server/dev_ws/install/my_bot/share/my_bot/environment/path.sh
-- Up-to-date: /home/server/dev_ws/install/my_bot/share/my_bot/environment/path.dsv
-- Up-to-date: /home/server/dev_ws/install/my_bot/share/my_bot/local_setup.bash
-- Up-to-date: /home/server/dev_ws/install/my_bot/share/my_bot/local_setup.sh
-- Up-to-date: /home/server/dev_ws/install/my_bot/share/my_bot/local_setup.zsh
-- Up-to-date: /home/server/dev_ws/install/my_bot/share/my_bot/local_setup.dsv
-- Installing: /home/server/dev_ws/install/my_bot/share/my_bot/package.dsv
-- Up-to-date: /home/server/dev_ws/install/my_bot/share/ament_index/resource_index/packages/my_bot
-- Up-to-date: /home/server/dev_ws/install/my_bot/share/my_bot/cmake/my_botConfig.cmake
-- Up-to-date: /home/server/dev_ws/install/my_bot/share/my_bot/cmake/my_botConfig-version.cmake
-- Up-to-date: /home/server/dev_ws/install/my_bot/share/my_bot/package.xml
