[0.846s] Invoking command in '/home/server/dev_ws/src/serial_motor_demo/serial_motor_demo': PYTHONPATH=/home/server/dev_ws/build/serial_motor_demo/prefix_override:/home/server/dev_ws/install/serial_motor_demo/lib/python3.10/site-packages:${PYTHONPATH} /usr/bin/python3 setup.py egg_info --egg-base ../../../build/serial_motor_demo build --build-base /home/server/dev_ws/build/serial_motor_demo/build install --record /home/server/dev_ws/build/serial_motor_demo/install.log --install-scripts $base/lib/serial_motor_demo --single-version-externally-managed
[1.060s] /home/server/.local/lib/python3.10/site-packages/setuptools/dist.py:717: UserWarning: Usage of dash-separated 'script-dir' will not be supported in future versions. Please use the underscore name 'script_dir' instead
[1.060s]   warnings.warn(
[1.086s] running egg_info
[1.086s] writing ../../../build/serial_motor_demo/serial_motor_demo.egg-info/PKG-INFO
[1.087s] writing dependency_links to ../../../build/serial_motor_demo/serial_motor_demo.egg-info/dependency_links.txt
[1.087s] writing entry points to ../../../build/serial_motor_demo/serial_motor_demo.egg-info/entry_points.txt
[1.087s] writing requirements to ../../../build/serial_motor_demo/serial_motor_demo.egg-info/requires.txt
[1.087s] writing top-level names to ../../../build/serial_motor_demo/serial_motor_demo.egg-info/top_level.txt
[1.089s] reading manifest file '../../../build/serial_motor_demo/serial_motor_demo.egg-info/SOURCES.txt'
[1.091s] writing manifest file '../../../build/serial_motor_demo/serial_motor_demo.egg-info/SOURCES.txt'
[1.091s] running build
[1.091s] running build_py
[1.091s] running install
[1.092s] running install_lib
[1.093s] running install_data
[1.094s] running install_egg_info
[1.096s] removing '/home/server/dev_ws/install/serial_motor_demo/lib/python3.10/site-packages/serial_motor_demo-0.0.0-py3.10.egg-info' (and everything under it)
[1.096s] Copying ../../../build/serial_motor_demo/serial_motor_demo.egg-info to /home/server/dev_ws/install/serial_motor_demo/lib/python3.10/site-packages/serial_motor_demo-0.0.0-py3.10.egg-info
[1.097s] running install_scripts
[1.115s] Installing driver script to /home/server/dev_ws/install/serial_motor_demo/lib/serial_motor_demo
[1.116s] Installing gui script to /home/server/dev_ws/install/serial_motor_demo/lib/serial_motor_demo
[1.116s] writing list of installed files to '/home/server/dev_ws/build/serial_motor_demo/install.log'
[1.144s] Invoked command in '/home/server/dev_ws/src/serial_motor_demo/serial_motor_demo' returned '0': PYTHONPATH=/home/server/dev_ws/build/serial_motor_demo/prefix_override:/home/server/dev_ws/install/serial_motor_demo/lib/python3.10/site-packages:${PYTHONPATH} /usr/bin/python3 setup.py egg_info --egg-base ../../../build/serial_motor_demo build --build-base /home/server/dev_ws/build/serial_motor_demo/build install --record /home/server/dev_ws/build/serial_motor_demo/install.log --install-scripts $base/lib/serial_motor_demo --single-version-externally-managed
