[0.008s] Invoking command in '/home/server/dev_ws/build/diffdrive_arduino': AMENT_PREFIX_PATH=/home/server/dev_ws/install/serial:${AMENT_PREFIX_PATH} CMAKE_PREFIX_PATH=/home/server/dev_ws/install/serial:/opt/ros/humble LD_LIBRARY_PATH=/home/server/dev_ws/install/serial/lib:${LD_LIBRARY_PATH} /usr/bin/cmake /home/server/dev_ws/src/diffdrive_arduino -DCMAKE_INSTALL_PREFIX=/home/server/dev_ws/install/diffdrive_arduino
[0.019s] -- Found ament_cmake: 1.3.5 (/opt/ros/humble/share/ament_cmake/cmake)
[0.146s] -- Override CMake install command with custom implementation using symlinks instead of copying resources
[0.153s] -- Found serial: 1.2.1 (/home/server/dev_ws/install/serial/share/serial/cmake)
[0.155s] -- Found hardware_interface: 2.29.0 (/opt/ros/humble/share/hardware_interface/cmake)
[0.193s] -- Found rosidl_generator_c: 3.1.5 (/opt/ros/humble/share/rosidl_generator_c/cmake)
[0.197s] -- Found rosidl_adapter: 3.1.5 (/opt/ros/humble/share/rosidl_adapter/cmake)
[0.206s] -- Found rosidl_generator_cpp: 3.1.5 (/opt/ros/humble/share/rosidl_generator_cpp/cmake)
[0.221s] -- Using all available rosidl_typesupport_c: rosidl_typesupport_fastrtps_c;rosidl_typesupport_introspection_c
[0.240s] -- Using all available rosidl_typesupport_cpp: rosidl_typesupport_fastrtps_cpp;rosidl_typesupport_introspection_cpp
[0.883s] -- Found rmw_implementation_cmake: 6.1.1 (/opt/ros/humble/share/rmw_implementation_cmake/cmake)
[0.885s] -- Found rmw_fastrtps_cpp: 6.2.3 (/opt/ros/humble/share/rmw_fastrtps_cpp/cmake)
[1.001s] -- Using RMW implementation 'rmw_fastrtps_cpp' as default
[1.161s] -- Found controller_manager: 2.29.0 (/opt/ros/humble/share/controller_manager/cmake)
[2.363s] -- Configuring done
[2.450s] -- Generating done
[2.452s] -- Build files have been written to: /home/server/dev_ws/build/diffdrive_arduino
[2.460s] Invoked command in '/home/server/dev_ws/build/diffdrive_arduino' returned '0': AMENT_PREFIX_PATH=/home/server/dev_ws/install/serial:${AMENT_PREFIX_PATH} CMAKE_PREFIX_PATH=/home/server/dev_ws/install/serial:/opt/ros/humble LD_LIBRARY_PATH=/home/server/dev_ws/install/serial/lib:${LD_LIBRARY_PATH} /usr/bin/cmake /home/server/dev_ws/src/diffdrive_arduino -DCMAKE_INSTALL_PREFIX=/home/server/dev_ws/install/diffdrive_arduino
[2.462s] Invoking command in '/home/server/dev_ws/build/diffdrive_arduino': AMENT_PREFIX_PATH=/home/server/dev_ws/install/serial:${AMENT_PREFIX_PATH} CMAKE_PREFIX_PATH=/home/server/dev_ws/install/serial:/opt/ros/humble LD_LIBRARY_PATH=/home/server/dev_ws/install/serial/lib:${LD_LIBRARY_PATH} /usr/bin/cmake --build /home/server/dev_ws/build/diffdrive_arduino -- -j8 -l8
[2.498s] [35m[1mConsolidate compiler generated dependencies of target fake_robot[0m
[2.499s] [35m[1mConsolidate compiler generated dependencies of target diffdrive_arduino[0m
[2.515s] [ 42%] Built target fake_robot
[2.516s] [100%] Built target diffdrive_arduino
[2.526s] Invoked command in '/home/server/dev_ws/build/diffdrive_arduino' returned '0': AMENT_PREFIX_PATH=/home/server/dev_ws/install/serial:${AMENT_PREFIX_PATH} CMAKE_PREFIX_PATH=/home/server/dev_ws/install/serial:/opt/ros/humble LD_LIBRARY_PATH=/home/server/dev_ws/install/serial/lib:${LD_LIBRARY_PATH} /usr/bin/cmake --build /home/server/dev_ws/build/diffdrive_arduino -- -j8 -l8
[2.554s] Invoking command in '/home/server/dev_ws/build/diffdrive_arduino': AMENT_PREFIX_PATH=/home/server/dev_ws/install/serial:${AMENT_PREFIX_PATH} CMAKE_PREFIX_PATH=/home/server/dev_ws/install/serial:/opt/ros/humble LD_LIBRARY_PATH=/home/server/dev_ws/install/serial/lib:${LD_LIBRARY_PATH} /usr/bin/cmake --install /home/server/dev_ws/build/diffdrive_arduino
[2.561s] -- Install configuration: ""
[2.562s] -- Execute custom install script
[2.562s] -- Up-to-date symlink: /home/server/dev_ws/install/diffdrive_arduino/share/diffdrive_arduino//robot_hardware.xml
[2.562s] -- Up-to-date symlink: /home/server/dev_ws/install/diffdrive_arduino/share/diffdrive_arduino//fake_robot_hardware.xml
[2.563s] -- Up-to-date symlink: /home/server/dev_ws/install/diffdrive_arduino/lib/libdiffdrive_arduino.so
[2.563s] -- Up-to-date symlink: /home/server/dev_ws/install/diffdrive_arduino/lib/libfake_robot.so
[2.563s] -- Up-to-date symlink: /home/server/dev_ws/install/diffdrive_arduino/share/diffdrive_arduino/controllers/robot_controller_example.yaml
[2.563s] -- Up-to-date symlink: /home/server/dev_ws/install/diffdrive_arduino/share/diffdrive_arduino/fake_robot.launch.py
[2.564s] -- Up-to-date symlink: /home/server/dev_ws/install/diffdrive_arduino/share/diffdrive_arduino/test_robot.launch.py
[2.564s] -- Up-to-date symlink: /home/server/dev_ws/install/diffdrive_arduino/share/diffdrive_arduino/environment/library_path.sh
[2.564s] -- Up-to-date symlink: /home/server/dev_ws/install/diffdrive_arduino/share/diffdrive_arduino/environment/library_path.dsv
[2.564s] -- Up-to-date symlink: /home/server/dev_ws/install/diffdrive_arduino/share/ament_index/resource_index/package_run_dependencies/diffdrive_arduino
[2.564s] -- Up-to-date symlink: /home/server/dev_ws/install/diffdrive_arduino/share/ament_index/resource_index/parent_prefix_path/diffdrive_arduino
[2.564s] -- Up-to-date symlink: /home/server/dev_ws/install/diffdrive_arduino/share/diffdrive_arduino/environment/ament_prefix_path.sh
[2.564s] -- Up-to-date symlink: /home/server/dev_ws/install/diffdrive_arduino/share/diffdrive_arduino/environment/ament_prefix_path.dsv
[2.565s] -- Up-to-date symlink: /home/server/dev_ws/install/diffdrive_arduino/share/diffdrive_arduino/environment/path.sh
[2.565s] -- Up-to-date symlink: /home/server/dev_ws/install/diffdrive_arduino/share/diffdrive_arduino/environment/path.dsv
[2.565s] -- Up-to-date symlink: /home/server/dev_ws/install/diffdrive_arduino/share/diffdrive_arduino/local_setup.bash
[2.565s] -- Up-to-date symlink: /home/server/dev_ws/install/diffdrive_arduino/share/diffdrive_arduino/local_setup.sh
[2.565s] -- Up-to-date symlink: /home/server/dev_ws/install/diffdrive_arduino/share/diffdrive_arduino/local_setup.zsh
[2.565s] -- Up-to-date symlink: /home/server/dev_ws/install/diffdrive_arduino/share/diffdrive_arduino/local_setup.dsv
[2.565s] -- Symlinking: /home/server/dev_ws/install/diffdrive_arduino/share/diffdrive_arduino/package.dsv
[2.573s] -- Up-to-date symlink: /home/server/dev_ws/install/diffdrive_arduino/share/ament_index/resource_index/packages/diffdrive_arduino
[2.574s] -- Up-to-date symlink: /home/server/dev_ws/install/diffdrive_arduino/share/ament_index/resource_index/hardware_interface__pluginlib__plugin/diffdrive_arduino
[2.574s] -- Up-to-date symlink: /home/server/dev_ws/install/diffdrive_arduino/share/diffdrive_arduino/cmake/ament_cmake_export_libraries-extras.cmake
[2.574s] -- Up-to-date symlink: /home/server/dev_ws/install/diffdrive_arduino/share/diffdrive_arduino/cmake/ament_cmake_export_dependencies-extras.cmake
[2.574s] -- Up-to-date symlink: /home/server/dev_ws/install/diffdrive_arduino/share/diffdrive_arduino/cmake/diffdrive_arduinoConfig.cmake
[2.574s] -- Up-to-date symlink: /home/server/dev_ws/install/diffdrive_arduino/share/diffdrive_arduino/cmake/diffdrive_arduinoConfig-version.cmake
[2.574s] -- Up-to-date symlink: /home/server/dev_ws/install/diffdrive_arduino/share/diffdrive_arduino/package.xml
[2.578s] Invoked command in '/home/server/dev_ws/build/diffdrive_arduino' returned '0': AMENT_PREFIX_PATH=/home/server/dev_ws/install/serial:${AMENT_PREFIX_PATH} CMAKE_PREFIX_PATH=/home/server/dev_ws/install/serial:/opt/ros/humble LD_LIBRARY_PATH=/home/server/dev_ws/install/serial/lib:${LD_LIBRARY_PATH} /usr/bin/cmake --install /home/server/dev_ws/build/diffdrive_arduino
