[0.017s] Invoking command in '/home/server/dev_ws/build/serial': CMAKE_PREFIX_PATH=/opt/ros/humble /usr/bin/cmake /home/server/dev_ws/src/serial -DCMAKE_INSTALL_PREFIX=/home/server/dev_ws/install/serial
[0.060s] -- Found ament_cmake: 1.3.5 (/opt/ros/humble/share/ament_cmake/cmake)
[0.191s] -- Override CMake install command with custom implementation using symlinks instead of copying resources
[0.210s] -- Found ament_cmake_gtest: 1.3.5 (/opt/ros/humble/share/ament_cmake_gtest/cmake)
[0.216s] -- Found gtest sources under '/opt/ros/humble/src/gtest_vendor': C++ tests using 'Google Test' will be built
[0.287s] -- Configuring done
[0.302s] -- Generating done
[0.304s] -- Build files have been written to: /home/server/dev_ws/build/serial
[0.308s] Invoked command in '/home/server/dev_ws/build/serial' returned '0': CMAKE_PREFIX_PATH=/opt/ros/humble /usr/bin/cmake /home/server/dev_ws/src/serial -DCMAKE_INSTALL_PREFIX=/home/server/dev_ws/install/serial
[0.309s] Invoking command in '/home/server/dev_ws/build/serial': CMAKE_PREFIX_PATH=/opt/ros/humble /usr/bin/cmake --build /home/server/dev_ws/build/serial -- -j8 -l8
[0.342s] [35m[1mConsolidate compiler generated dependencies of target gtest_main[0m
[0.342s] [35m[1mConsolidate compiler generated dependencies of target gtest[0m
[0.342s] [35m[1mConsolidate compiler generated dependencies of target serial[0m
[0.354s] [ 14%] Built target gtest_main
[0.354s] [ 28%] Built target gtest
[0.356s] [ 57%] Built target serial
[0.365s] [35m[1mConsolidate compiler generated dependencies of target serial_example[0m
[0.365s] [35m[1mConsolidate compiler generated dependencies of target serial-test-timer[0m
[0.365s] [35m[1mConsolidate compiler generated dependencies of target serial-test[0m
[0.376s] [ 71%] Built target serial_example
[0.377s] [ 85%] Built target serial-test
[0.378s] [100%] Built target serial-test-timer
[0.388s] Invoked command in '/home/server/dev_ws/build/serial' returned '0': CMAKE_PREFIX_PATH=/opt/ros/humble /usr/bin/cmake --build /home/server/dev_ws/build/serial -- -j8 -l8
[0.418s] Invoking command in '/home/server/dev_ws/build/serial': CMAKE_PREFIX_PATH=/opt/ros/humble /usr/bin/cmake --install /home/server/dev_ws/build/serial
[0.426s] -- Install configuration: ""
[0.426s] -- Execute custom install script
[0.426s] -- Up-to-date symlink: /home/server/dev_ws/install/serial/lib/libserial.a
[0.427s] -- Up-to-date symlink: /home/server/dev_ws/install/serial/include/serial/serial.h
[0.427s] -- Up-to-date symlink: /home/server/dev_ws/install/serial/include/serial/v8stdint.h
[0.427s] -- Up-to-date symlink: /home/server/dev_ws/install/serial/share/serial/environment/library_path.sh
[0.427s] -- Up-to-date symlink: /home/server/dev_ws/install/serial/share/serial/environment/library_path.dsv
[0.427s] -- Up-to-date symlink: /home/server/dev_ws/install/serial/share/ament_index/resource_index/package_run_dependencies/serial
[0.427s] -- Up-to-date symlink: /home/server/dev_ws/install/serial/share/ament_index/resource_index/parent_prefix_path/serial
[0.427s] -- Up-to-date symlink: /home/server/dev_ws/install/serial/share/serial/environment/ament_prefix_path.sh
[0.428s] -- Up-to-date symlink: /home/server/dev_ws/install/serial/share/serial/environment/ament_prefix_path.dsv
[0.428s] -- Up-to-date symlink: /home/server/dev_ws/install/serial/share/serial/environment/path.sh
[0.428s] -- Up-to-date symlink: /home/server/dev_ws/install/serial/share/serial/environment/path.dsv
[0.429s] -- Up-to-date symlink: /home/server/dev_ws/install/serial/share/serial/local_setup.bash
[0.432s] -- Up-to-date symlink: /home/server/dev_ws/install/serial/share/serial/local_setup.sh
[0.432s] -- Up-to-date symlink: /home/server/dev_ws/install/serial/share/serial/local_setup.zsh
[0.432s] -- Up-to-date symlink: /home/server/dev_ws/install/serial/share/serial/local_setup.dsv
[0.432s] -- Symlinking: /home/server/dev_ws/install/serial/share/serial/package.dsv
[0.437s] -- Up-to-date symlink: /home/server/dev_ws/install/serial/share/ament_index/resource_index/packages/serial
[0.437s] -- Up-to-date symlink: /home/server/dev_ws/install/serial/share/serial/cmake/ament_cmake_export_include_directories-extras.cmake
[0.438s] -- Up-to-date symlink: /home/server/dev_ws/install/serial/share/serial/cmake/ament_cmake_export_libraries-extras.cmake
[0.438s] -- Up-to-date symlink: /home/server/dev_ws/install/serial/share/serial/cmake/serialConfig.cmake
[0.438s] -- Up-to-date symlink: /home/server/dev_ws/install/serial/share/serial/cmake/serialConfig-version.cmake
[0.438s] -- Up-to-date symlink: /home/server/dev_ws/install/serial/share/serial/package.xml
[0.442s] Invoked command in '/home/server/dev_ws/build/serial' returned '0': CMAKE_PREFIX_PATH=/opt/ros/humble /usr/bin/cmake --install /home/server/dev_ws/build/serial
