[0.014s] Invoking command in '/home/server/dev_ws/build/my_bot': CMAKE_PREFIX_PATH=/opt/ros/humble /usr/bin/cmake /home/server/dev_ws/src/my_bot -DCMAKE_INSTALL_PREFIX=/home/server/dev_ws/install/my_bot
[0.142s] -- The C compiler identification is GNU 11.4.0
[0.246s] -- The CXX compiler identification is GNU 11.4.0
[0.256s] -- Detecting C compiler ABI info
[0.320s] -- Detecting C compiler ABI info - done
[0.327s] -- Check for working C compiler: /usr/bin/cc - skipped
[0.327s] -- Detecting C compile features
[0.328s] -- Detecting C compile features - done
[0.332s] -- Detecting CXX compiler ABI info
[0.401s] -- Detecting CXX compiler ABI info - done
[0.408s] -- Check for working CXX compiler: /usr/bin/c++ - skipped
[0.409s] -- Detecting CXX compile features
[0.409s] -- Detecting CXX compile features - done
[0.421s] -- Found ament_cmake: 1.3.5 (/opt/ros/humble/share/ament_cmake/cmake)
[0.572s] -- Found Python3: /usr/bin/python3.10 (found version "3.10.12") found components: Interpreter 
[0.663s] -- Found ament_lint_auto: 0.12.7 (/opt/ros/humble/share/ament_lint_auto/cmake)
[0.739s] -- Added test 'flake8' to check Python code syntax and style conventions
[0.741s] -- Added test 'lint_cmake' to check CMake code style
[0.741s] -- Added test 'pep257' to check Python code against some of the docstring style conventions in PEP 257
[0.745s] -- Added test 'xmllint' to check XML markup files
[0.746s] -- Configuring done
[0.749s] -- Generating done
[0.749s] -- Build files have been written to: /home/server/dev_ws/build/my_bot
[0.753s] Invoked command in '/home/server/dev_ws/build/my_bot' returned '0': CMAKE_PREFIX_PATH=/opt/ros/humble /usr/bin/cmake /home/server/dev_ws/src/my_bot -DCMAKE_INSTALL_PREFIX=/home/server/dev_ws/install/my_bot
[0.755s] Invoking command in '/home/server/dev_ws/build/my_bot': CMAKE_PREFIX_PATH=/opt/ros/humble /usr/bin/cmake --build /home/server/dev_ws/build/my_bot -- -j8 -l8
[0.788s] Invoked command in '/home/server/dev_ws/build/my_bot' returned '0': CMAKE_PREFIX_PATH=/opt/ros/humble /usr/bin/cmake --build /home/server/dev_ws/build/my_bot -- -j8 -l8
[0.814s] Invoking command in '/home/server/dev_ws/build/my_bot': CMAKE_PREFIX_PATH=/opt/ros/humble /usr/bin/cmake --install /home/server/dev_ws/build/my_bot
[0.820s] -- Install configuration: ""
[0.821s] -- Installing: /home/server/dev_ws/install/my_bot/share/my_bot/config
[0.821s] -- Installing: /home/server/dev_ws/install/my_bot/share/my_bot/config/my_controllers.yaml
[0.821s] -- Installing: /home/server/dev_ws/install/my_bot/share/my_bot/description
[0.821s] -- Installing: /home/server/dev_ws/install/my_bot/share/my_bot/description/camera.xacro
[0.821s] -- Installing: /home/server/dev_ws/install/my_bot/share/my_bot/description/robot.urdf.xacro
[0.821s] -- Installing: /home/server/dev_ws/install/my_bot/share/my_bot/description/robot_core.xacro
[0.821s] -- Installing: /home/server/dev_ws/install/my_bot/share/my_bot/description/ros2_control.xacro
[0.821s] -- Installing: /home/server/dev_ws/install/my_bot/share/my_bot/description/gazebo_control.xacro
[0.821s] -- Installing: /home/server/dev_ws/install/my_bot/share/my_bot/description/inertial_macros.xacro
[0.821s] -- Installing: /home/server/dev_ws/install/my_bot/share/my_bot/launch
[0.821s] -- Installing: /home/server/dev_ws/install/my_bot/share/my_bot/launch/rsp.launch.py
[0.821s] -- Installing: /home/server/dev_ws/install/my_bot/share/my_bot/launch/launch_sim.launch.py
[0.821s] [31mCMake Error at cmake_install.cmake:46 (file):
[0.822s]   file INSTALL cannot find "/home/server/dev_ws/src/my_bot/worlds": No such
[0.822s]   file or directory.
[0.822s] 
[0.822s] [0m
[0.823s] Invoked command in '/home/server/dev_ws/build/my_bot' returned '1': CMAKE_PREFIX_PATH=/opt/ros/humble /usr/bin/cmake --install /home/server/dev_ws/build/my_bot
