[0.315s] DEBUG:colcon:Command line arguments: ['/usr/bin/colcon', 'build']
[0.315s] DEBUG:colcon:Parsed command line arguments: Namespace(log_base=None, log_level=None, verb_name='build', build_base='build', install_base='install', merge_install=False, symlink_install=False, test_result_base=None, continue_on_error=False, executor='parallel', parallel_workers=8, event_handlers=None, ignore_user_meta=False, metas=['./colcon.meta'], base_paths=['.'], packages_ignore=None, packages_ignore_regex=None, paths=None, packages_up_to=None, packages_up_to_regex=None, packages_above=None, packages_above_and_dependencies=None, packages_above_depth=None, packages_select_by_dep=None, packages_skip_by_dep=None, packages_skip_up_to=None, packages_select_build_failed=False, packages_skip_build_finished=False, packages_select_test_failures=False, packages_skip_test_passed=False, packages_select=None, packages_skip=None, packages_select_regex=None, packages_skip_regex=None, packages_start=None, packages_end=None, allow_overriding=[], cmake_args=None, cmake_target=None, cmake_target_skip_unavailable=False, cmake_clean_cache=False, cmake_clean_first=False, cmake_force_configure=False, ament_cmake_args=None, catkin_cmake_args=None, catkin_skip_building_tests=False, verb_parser=<colcon_defaults.argument_parser.defaults.DefaultArgumentsDecorator object at 0x7fb389acf100>, verb_extension=<colcon_core.verb.build.BuildVerb object at 0x7fb389933670>, main=<bound method BuildVerb.main of <colcon_core.verb.build.BuildVerb object at 0x7fb389933670>>)
[0.336s] Level 1:colcon.colcon_core.package_discovery:discover_packages(colcon_meta) check parameters
[0.336s] Level 1:colcon.colcon_core.package_discovery:discover_packages(recursive) check parameters
[0.336s] Level 1:colcon.colcon_core.package_discovery:discover_packages(ignore) check parameters
[0.336s] Level 1:colcon.colcon_core.package_discovery:discover_packages(path) check parameters
[0.336s] Level 1:colcon.colcon_core.package_discovery:discover_packages(colcon_meta) discover
[0.337s] Level 1:colcon.colcon_core.package_discovery:discover_packages(recursive) discover
[0.337s] INFO:colcon.colcon_core.package_discovery:Crawling recursively for packages in '/home/server/dev_ws'
[0.337s] Level 1:colcon.colcon_core.package_identification:_identify(.) by extensions ['ignore', 'ignore_ament_install']
[0.337s] Level 1:colcon.colcon_core.package_identification:_identify(.) by extension 'ignore'
[0.337s] Level 1:colcon.colcon_core.package_identification:_identify(.) by extension 'ignore_ament_install'
[0.337s] Level 1:colcon.colcon_core.package_identification:_identify(.) by extensions ['colcon_pkg']
[0.337s] Level 1:colcon.colcon_core.package_identification:_identify(.) by extension 'colcon_pkg'
[0.337s] Level 1:colcon.colcon_core.package_identification:_identify(.) by extensions ['colcon_meta']
[0.337s] Level 1:colcon.colcon_core.package_identification:_identify(.) by extension 'colcon_meta'
[0.337s] Level 1:colcon.colcon_core.package_identification:_identify(.) by extensions ['ros']
[0.337s] Level 1:colcon.colcon_core.package_identification:_identify(.) by extension 'ros'
[0.348s] Level 1:colcon.colcon_core.package_identification:_identify(.) by extensions ['cmake', 'python']
[0.348s] Level 1:colcon.colcon_core.package_identification:_identify(.) by extension 'cmake'
[0.348s] Level 1:colcon.colcon_core.package_identification:_identify(.) by extension 'python'
[0.348s] Level 1:colcon.colcon_core.package_identification:_identify(.) by extensions ['python_setup_py']
[0.348s] Level 1:colcon.colcon_core.package_identification:_identify(.) by extension 'python_setup_py'
[0.348s] Level 1:colcon.colcon_core.package_identification:_identify(build) by extensions ['ignore', 'ignore_ament_install']
[0.348s] Level 1:colcon.colcon_core.package_identification:_identify(build) by extension 'ignore'
[0.348s] Level 1:colcon.colcon_core.package_identification:_identify(build) ignored
[0.348s] Level 1:colcon.colcon_core.package_identification:_identify(install) by extensions ['ignore', 'ignore_ament_install']
[0.348s] Level 1:colcon.colcon_core.package_identification:_identify(install) by extension 'ignore'
[0.348s] Level 1:colcon.colcon_core.package_identification:_identify(install) ignored
[0.349s] Level 1:colcon.colcon_core.package_identification:_identify(log) by extensions ['ignore', 'ignore_ament_install']
[0.349s] Level 1:colcon.colcon_core.package_identification:_identify(log) by extension 'ignore'
[0.349s] Level 1:colcon.colcon_core.package_identification:_identify(log) ignored
[0.349s] Level 1:colcon.colcon_core.package_identification:_identify(src) by extensions ['ignore', 'ignore_ament_install']
[0.349s] Level 1:colcon.colcon_core.package_identification:_identify(src) by extension 'ignore'
[0.349s] Level 1:colcon.colcon_core.package_identification:_identify(src) by extension 'ignore_ament_install'
[0.349s] Level 1:colcon.colcon_core.package_identification:_identify(src) by extensions ['colcon_pkg']
[0.349s] Level 1:colcon.colcon_core.package_identification:_identify(src) by extension 'colcon_pkg'
[0.349s] Level 1:colcon.colcon_core.package_identification:_identify(src) by extensions ['colcon_meta']
[0.349s] Level 1:colcon.colcon_core.package_identification:_identify(src) by extension 'colcon_meta'
[0.349s] Level 1:colcon.colcon_core.package_identification:_identify(src) by extensions ['ros']
[0.349s] Level 1:colcon.colcon_core.package_identification:_identify(src) by extension 'ros'
[0.349s] Level 1:colcon.colcon_core.package_identification:_identify(src) by extensions ['cmake', 'python']
[0.349s] Level 1:colcon.colcon_core.package_identification:_identify(src) by extension 'cmake'
[0.349s] Level 1:colcon.colcon_core.package_identification:_identify(src) by extension 'python'
[0.349s] Level 1:colcon.colcon_core.package_identification:_identify(src) by extensions ['python_setup_py']
[0.349s] Level 1:colcon.colcon_core.package_identification:_identify(src) by extension 'python_setup_py'
[0.349s] Level 1:colcon.colcon_core.package_identification:_identify(src/diffdrive_arduino) by extensions ['ignore', 'ignore_ament_install']
[0.350s] Level 1:colcon.colcon_core.package_identification:_identify(src/diffdrive_arduino) by extension 'ignore'
[0.350s] Level 1:colcon.colcon_core.package_identification:_identify(src/diffdrive_arduino) by extension 'ignore_ament_install'
[0.350s] Level 1:colcon.colcon_core.package_identification:_identify(src/diffdrive_arduino) by extensions ['colcon_pkg']
[0.350s] Level 1:colcon.colcon_core.package_identification:_identify(src/diffdrive_arduino) by extension 'colcon_pkg'
[0.350s] Level 1:colcon.colcon_core.package_identification:_identify(src/diffdrive_arduino) by extensions ['colcon_meta']
[0.350s] Level 1:colcon.colcon_core.package_identification:_identify(src/diffdrive_arduino) by extension 'colcon_meta'
[0.350s] Level 1:colcon.colcon_core.package_identification:_identify(src/diffdrive_arduino) by extensions ['ros']
[0.350s] Level 1:colcon.colcon_core.package_identification:_identify(src/diffdrive_arduino) by extension 'ros'
[0.352s] DEBUG:colcon.colcon_core.package_identification:Package 'src/diffdrive_arduino' with type 'ros.ament_cmake' and name 'diffdrive_arduino'
[0.352s] Level 1:colcon.colcon_core.package_identification:_identify(src/my_bot) by extensions ['ignore', 'ignore_ament_install']
[0.353s] Level 1:colcon.colcon_core.package_identification:_identify(src/my_bot) by extension 'ignore'
[0.353s] Level 1:colcon.colcon_core.package_identification:_identify(src/my_bot) by extension 'ignore_ament_install'
[0.353s] Level 1:colcon.colcon_core.package_identification:_identify(src/my_bot) by extensions ['colcon_pkg']
[0.353s] Level 1:colcon.colcon_core.package_identification:_identify(src/my_bot) by extension 'colcon_pkg'
[0.353s] Level 1:colcon.colcon_core.package_identification:_identify(src/my_bot) by extensions ['colcon_meta']
[0.353s] Level 1:colcon.colcon_core.package_identification:_identify(src/my_bot) by extension 'colcon_meta'
[0.353s] Level 1:colcon.colcon_core.package_identification:_identify(src/my_bot) by extensions ['ros']
[0.353s] Level 1:colcon.colcon_core.package_identification:_identify(src/my_bot) by extension 'ros'
[0.353s] DEBUG:colcon.colcon_core.package_identification:Package 'src/my_bot' with type 'ros.ament_cmake' and name 'my_bot'
[0.353s] Level 1:colcon.colcon_core.package_identification:_identify(src/serial) by extensions ['ignore', 'ignore_ament_install']
[0.353s] Level 1:colcon.colcon_core.package_identification:_identify(src/serial) by extension 'ignore'
[0.354s] Level 1:colcon.colcon_core.package_identification:_identify(src/serial) by extension 'ignore_ament_install'
[0.354s] Level 1:colcon.colcon_core.package_identification:_identify(src/serial) by extensions ['colcon_pkg']
[0.354s] Level 1:colcon.colcon_core.package_identification:_identify(src/serial) by extension 'colcon_pkg'
[0.354s] Level 1:colcon.colcon_core.package_identification:_identify(src/serial) by extensions ['colcon_meta']
[0.354s] Level 1:colcon.colcon_core.package_identification:_identify(src/serial) by extension 'colcon_meta'
[0.354s] Level 1:colcon.colcon_core.package_identification:_identify(src/serial) by extensions ['ros']
[0.354s] Level 1:colcon.colcon_core.package_identification:_identify(src/serial) by extension 'ros'
[0.354s] DEBUG:colcon.colcon_core.package_identification:Package 'src/serial' with type 'ros.ament_cmake' and name 'serial'
[0.354s] Level 1:colcon.colcon_core.package_discovery:discover_packages(recursive) using defaults
[0.354s] Level 1:colcon.colcon_core.package_discovery:discover_packages(ignore) discover
[0.354s] Level 1:colcon.colcon_core.package_discovery:discover_packages(ignore) using defaults
[0.354s] Level 1:colcon.colcon_core.package_discovery:discover_packages(path) discover
[0.354s] Level 1:colcon.colcon_core.package_discovery:discover_packages(path) using defaults
[0.376s] Level 1:colcon.colcon_core.package_discovery:discover_packages(prefix_path) check parameters
[0.376s] Level 1:colcon.colcon_core.package_discovery:discover_packages(prefix_path) discover
[0.380s] DEBUG:colcon.colcon_installed_package_information.package_discovery:Found 364 installed packages in /opt/ros/humble
[0.382s] Level 1:colcon.colcon_core.package_discovery:discover_packages(prefix_path) using defaults
[0.450s] Level 5:colcon.colcon_core.verb:set package 'my_bot' build argument 'cmake_args' from command line to 'None'
[0.450s] Level 5:colcon.colcon_core.verb:set package 'my_bot' build argument 'cmake_target' from command line to 'None'
[0.451s] Level 5:colcon.colcon_core.verb:set package 'my_bot' build argument 'cmake_target_skip_unavailable' from command line to 'False'
[0.451s] Level 5:colcon.colcon_core.verb:set package 'my_bot' build argument 'cmake_clean_cache' from command line to 'False'
[0.451s] Level 5:colcon.colcon_core.verb:set package 'my_bot' build argument 'cmake_clean_first' from command line to 'False'
[0.451s] Level 5:colcon.colcon_core.verb:set package 'my_bot' build argument 'cmake_force_configure' from command line to 'False'
[0.451s] Level 5:colcon.colcon_core.verb:set package 'my_bot' build argument 'ament_cmake_args' from command line to 'None'
[0.451s] Level 5:colcon.colcon_core.verb:set package 'my_bot' build argument 'catkin_cmake_args' from command line to 'None'
[0.451s] Level 5:colcon.colcon_core.verb:set package 'my_bot' build argument 'catkin_skip_building_tests' from command line to 'False'
[0.451s] DEBUG:colcon.colcon_core.verb:Building package 'my_bot' with the following arguments: {'ament_cmake_args': None, 'build_base': '/home/server/dev_ws/build/my_bot', 'catkin_cmake_args': None, 'catkin_skip_building_tests': False, 'cmake_args': None, 'cmake_clean_cache': False, 'cmake_clean_first': False, 'cmake_force_configure': False, 'cmake_target': None, 'cmake_target_skip_unavailable': False, 'install_base': '/home/server/dev_ws/install/my_bot', 'merge_install': False, 'path': '/home/server/dev_ws/src/my_bot', 'symlink_install': False, 'test_result_base': None}
[0.452s] Level 5:colcon.colcon_core.verb:set package 'serial' build argument 'cmake_args' from command line to 'None'
[0.452s] Level 5:colcon.colcon_core.verb:set package 'serial' build argument 'cmake_target' from command line to 'None'
[0.452s] Level 5:colcon.colcon_core.verb:set package 'serial' build argument 'cmake_target_skip_unavailable' from command line to 'False'
[0.452s] Level 5:colcon.colcon_core.verb:set package 'serial' build argument 'cmake_clean_cache' from command line to 'False'
[0.452s] Level 5:colcon.colcon_core.verb:set package 'serial' build argument 'cmake_clean_first' from command line to 'False'
[0.452s] Level 5:colcon.colcon_core.verb:set package 'serial' build argument 'cmake_force_configure' from command line to 'False'
[0.452s] Level 5:colcon.colcon_core.verb:set package 'serial' build argument 'ament_cmake_args' from command line to 'None'
[0.452s] Level 5:colcon.colcon_core.verb:set package 'serial' build argument 'catkin_cmake_args' from command line to 'None'
[0.452s] Level 5:colcon.colcon_core.verb:set package 'serial' build argument 'catkin_skip_building_tests' from command line to 'False'
[0.452s] DEBUG:colcon.colcon_core.verb:Building package 'serial' with the following arguments: {'ament_cmake_args': None, 'build_base': '/home/server/dev_ws/build/serial', 'catkin_cmake_args': None, 'catkin_skip_building_tests': False, 'cmake_args': None, 'cmake_clean_cache': False, 'cmake_clean_first': False, 'cmake_force_configure': False, 'cmake_target': None, 'cmake_target_skip_unavailable': False, 'install_base': '/home/server/dev_ws/install/serial', 'merge_install': False, 'path': '/home/server/dev_ws/src/serial', 'symlink_install': False, 'test_result_base': None}
[0.453s] Level 5:colcon.colcon_core.verb:set package 'diffdrive_arduino' build argument 'cmake_args' from command line to 'None'
[0.453s] Level 5:colcon.colcon_core.verb:set package 'diffdrive_arduino' build argument 'cmake_target' from command line to 'None'
[0.453s] Level 5:colcon.colcon_core.verb:set package 'diffdrive_arduino' build argument 'cmake_target_skip_unavailable' from command line to 'False'
[0.453s] Level 5:colcon.colcon_core.verb:set package 'diffdrive_arduino' build argument 'cmake_clean_cache' from command line to 'False'
[0.453s] Level 5:colcon.colcon_core.verb:set package 'diffdrive_arduino' build argument 'cmake_clean_first' from command line to 'False'
[0.453s] Level 5:colcon.colcon_core.verb:set package 'diffdrive_arduino' build argument 'cmake_force_configure' from command line to 'False'
[0.453s] Level 5:colcon.colcon_core.verb:set package 'diffdrive_arduino' build argument 'ament_cmake_args' from command line to 'None'
[0.453s] Level 5:colcon.colcon_core.verb:set package 'diffdrive_arduino' build argument 'catkin_cmake_args' from command line to 'None'
[0.453s] Level 5:colcon.colcon_core.verb:set package 'diffdrive_arduino' build argument 'catkin_skip_building_tests' from command line to 'False'
[0.453s] DEBUG:colcon.colcon_core.verb:Building package 'diffdrive_arduino' with the following arguments: {'ament_cmake_args': None, 'build_base': '/home/server/dev_ws/build/diffdrive_arduino', 'catkin_cmake_args': None, 'catkin_skip_building_tests': False, 'cmake_args': None, 'cmake_clean_cache': False, 'cmake_clean_first': False, 'cmake_force_configure': False, 'cmake_target': None, 'cmake_target_skip_unavailable': False, 'install_base': '/home/server/dev_ws/install/diffdrive_arduino', 'merge_install': False, 'path': '/home/server/dev_ws/src/diffdrive_arduino', 'symlink_install': False, 'test_result_base': None}
[0.454s] INFO:colcon.colcon_core.executor:Executing jobs using 'parallel' executor
[0.456s] DEBUG:colcon.colcon_parallel_executor.executor.parallel:run_until_complete
[0.457s] INFO:colcon.colcon_ros.task.ament_cmake.build:Building ROS package in '/home/server/dev_ws/src/serial' with build type 'ament_cmake'
[0.457s] INFO:colcon.colcon_cmake.task.cmake.build:Building CMake package in '/home/server/dev_ws/src/serial'
[0.464s] INFO:colcon.colcon_core.plugin_system:Skipping extension 'colcon_core.shell.bat': Not used on non-Windows systems
[0.464s] INFO:colcon.colcon_core.shell:Skip shell extension 'powershell' for command environment: Not usable outside of PowerShell
[0.464s] DEBUG:colcon.colcon_core.shell:Skip shell extension 'dsv' for command environment
[0.468s] INFO:colcon.colcon_ros.task.ament_cmake.build:Building ROS package in '/home/server/dev_ws/src/my_bot' with build type 'ament_cmake'
[0.468s] INFO:colcon.colcon_cmake.task.cmake.build:Building CMake package in '/home/server/dev_ws/src/my_bot'
[0.469s] INFO:colcon.colcon_core.shell:Skip shell extension 'powershell' for command environment: Not usable outside of PowerShell
[0.469s] DEBUG:colcon.colcon_core.shell:Skip shell extension 'dsv' for command environment
[0.478s] DEBUG:colcon.colcon_core.event_handler.log_command:Invoking command in '/home/server/dev_ws/build/serial': CMAKE_PREFIX_PATH=/opt/ros/humble /usr/bin/cmake --build /home/server/dev_ws/build/serial -- -j8 -l8
[0.481s] DEBUG:colcon.colcon_core.event_handler.log_command:Invoking command in '/home/server/dev_ws/build/my_bot': CMAKE_PREFIX_PATH=/opt/ros/humble /usr/bin/cmake --build /home/server/dev_ws/build/my_bot -- -j8 -l8
[0.546s] DEBUG:colcon.colcon_core.event_handler.log_command:Invoked command in '/home/server/dev_ws/build/my_bot' returned '0': CMAKE_PREFIX_PATH=/opt/ros/humble /usr/bin/cmake --build /home/server/dev_ws/build/my_bot -- -j8 -l8
[0.573s] DEBUG:colcon.colcon_core.event_handler.log_command:Invoking command in '/home/server/dev_ws/build/my_bot': CMAKE_PREFIX_PATH=/opt/ros/humble /usr/bin/cmake --install /home/server/dev_ws/build/my_bot
[0.592s] DEBUG:colcon.colcon_core.event_handler.log_command:Invoked command in '/home/server/dev_ws/build/serial' returned '0': CMAKE_PREFIX_PATH=/opt/ros/humble /usr/bin/cmake --build /home/server/dev_ws/build/serial -- -j8 -l8
[0.601s] Level 1:colcon.colcon_core.environment:create_environment_scripts_only(my_bot)
[0.602s] DEBUG:colcon.colcon_core.event_handler.log_command:Invoked command in '/home/server/dev_ws/build/my_bot' returned '0': CMAKE_PREFIX_PATH=/opt/ros/humble /usr/bin/cmake --install /home/server/dev_ws/build/my_bot
[0.608s] Level 1:colcon.colcon_core.environment:checking '/home/server/dev_ws/install/my_bot' for CMake module files
[0.609s] Level 1:colcon.colcon_core.environment:checking '/home/server/dev_ws/install/my_bot' for CMake config files
[0.610s] Level 1:colcon.colcon_core.shell:create_environment_hook('my_bot', 'cmake_prefix_path')
[0.611s] INFO:colcon.colcon_core.shell:Creating environment hook '/home/server/dev_ws/install/my_bot/share/my_bot/hook/cmake_prefix_path.ps1'
[0.612s] INFO:colcon.colcon_core.shell:Creating environment descriptor '/home/server/dev_ws/install/my_bot/share/my_bot/hook/cmake_prefix_path.dsv'
[0.613s] INFO:colcon.colcon_core.shell:Creating environment hook '/home/server/dev_ws/install/my_bot/share/my_bot/hook/cmake_prefix_path.sh'
[0.614s] Level 1:colcon.colcon_core.environment:checking '/home/server/dev_ws/install/my_bot/bin'
[0.614s] Level 1:colcon.colcon_core.environment:checking '/home/server/dev_ws/install/my_bot/lib/pkgconfig/my_bot.pc'
[0.614s] Level 1:colcon.colcon_core.environment:checking '/home/server/dev_ws/install/my_bot/lib/python3.10/site-packages'
[0.614s] Level 1:colcon.colcon_core.environment:checking '/home/server/dev_ws/install/my_bot/bin'
[0.616s] INFO:colcon.colcon_core.shell:Creating package script '/home/server/dev_ws/install/my_bot/share/my_bot/package.ps1'
[0.617s] INFO:colcon.colcon_core.shell:Creating package descriptor '/home/server/dev_ws/install/my_bot/share/my_bot/package.dsv'
[0.617s] INFO:colcon.colcon_core.shell:Creating package script '/home/server/dev_ws/install/my_bot/share/my_bot/package.sh'
[0.618s] INFO:colcon.colcon_core.shell:Creating package script '/home/server/dev_ws/install/my_bot/share/my_bot/package.bash'
[0.619s] INFO:colcon.colcon_core.shell:Creating package script '/home/server/dev_ws/install/my_bot/share/my_bot/package.zsh'
[0.620s] Level 1:colcon.colcon_core.environment:create_file_with_runtime_dependencies(/home/server/dev_ws/install/my_bot/share/colcon-core/packages/my_bot)
[0.623s] DEBUG:colcon.colcon_core.event_handler.log_command:Invoking command in '/home/server/dev_ws/build/serial': CMAKE_PREFIX_PATH=/opt/ros/humble /usr/bin/cmake --install /home/server/dev_ws/build/serial
[0.640s] Level 1:colcon.colcon_core.environment:create_environment_scripts_only(my_bot)
[0.641s] Level 1:colcon.colcon_core.environment:checking '/home/server/dev_ws/install/my_bot' for CMake module files
[0.643s] Level 1:colcon.colcon_core.environment:checking '/home/server/dev_ws/install/my_bot' for CMake config files
[0.643s] Level 1:colcon.colcon_core.shell:create_environment_hook('my_bot', 'cmake_prefix_path')
[0.644s] INFO:colcon.colcon_core.shell:Creating environment hook '/home/server/dev_ws/install/my_bot/share/my_bot/hook/cmake_prefix_path.ps1'
[0.644s] INFO:colcon.colcon_core.shell:Creating environment descriptor '/home/server/dev_ws/install/my_bot/share/my_bot/hook/cmake_prefix_path.dsv'
[0.645s] INFO:colcon.colcon_core.shell:Creating environment hook '/home/server/dev_ws/install/my_bot/share/my_bot/hook/cmake_prefix_path.sh'
[0.645s] Level 1:colcon.colcon_core.environment:checking '/home/server/dev_ws/install/my_bot/bin'
[0.645s] Level 1:colcon.colcon_core.environment:checking '/home/server/dev_ws/install/my_bot/lib/pkgconfig/my_bot.pc'
[0.646s] Level 1:colcon.colcon_core.environment:checking '/home/server/dev_ws/install/my_bot/lib/python3.10/site-packages'
[0.646s] Level 1:colcon.colcon_core.environment:checking '/home/server/dev_ws/install/my_bot/bin'
[0.647s] INFO:colcon.colcon_core.shell:Creating package script '/home/server/dev_ws/install/my_bot/share/my_bot/package.ps1'
[0.647s] INFO:colcon.colcon_core.shell:Creating package descriptor '/home/server/dev_ws/install/my_bot/share/my_bot/package.dsv'
[0.648s] INFO:colcon.colcon_core.shell:Creating package script '/home/server/dev_ws/install/my_bot/share/my_bot/package.sh'
[0.648s] INFO:colcon.colcon_core.shell:Creating package script '/home/server/dev_ws/install/my_bot/share/my_bot/package.bash'
[0.649s] INFO:colcon.colcon_core.shell:Creating package script '/home/server/dev_ws/install/my_bot/share/my_bot/package.zsh'
[0.649s] Level 1:colcon.colcon_core.environment:create_file_with_runtime_dependencies(/home/server/dev_ws/install/my_bot/share/colcon-core/packages/my_bot)
[0.650s] Level 1:colcon.colcon_core.environment:create_environment_scripts_only(serial)
[0.652s] Level 1:colcon.colcon_core.environment:checking '/home/server/dev_ws/install/serial' for CMake module files
[0.652s] DEBUG:colcon.colcon_core.event_handler.log_command:Invoked command in '/home/server/dev_ws/build/serial' returned '0': CMAKE_PREFIX_PATH=/opt/ros/humble /usr/bin/cmake --install /home/server/dev_ws/build/serial
[0.653s] Level 1:colcon.colcon_core.environment:checking '/home/server/dev_ws/install/serial' for CMake config files
[0.653s] Level 1:colcon.colcon_core.shell:create_environment_hook('serial', 'cmake_prefix_path')
[0.654s] INFO:colcon.colcon_core.shell:Creating environment hook '/home/server/dev_ws/install/serial/share/serial/hook/cmake_prefix_path.ps1'
[0.654s] INFO:colcon.colcon_core.shell:Creating environment descriptor '/home/server/dev_ws/install/serial/share/serial/hook/cmake_prefix_path.dsv'
[0.655s] INFO:colcon.colcon_core.shell:Creating environment hook '/home/server/dev_ws/install/serial/share/serial/hook/cmake_prefix_path.sh'
[0.655s] Level 1:colcon.colcon_core.environment:checking '/home/server/dev_ws/install/serial/lib'
[0.656s] Level 1:colcon.colcon_core.environment:checking '/home/server/dev_ws/install/serial/bin'
[0.656s] Level 1:colcon.colcon_core.environment:checking '/home/server/dev_ws/install/serial/lib/pkgconfig/serial.pc'
[0.656s] Level 1:colcon.colcon_core.environment:checking '/home/server/dev_ws/install/serial/lib/python3.10/site-packages'
[0.656s] Level 1:colcon.colcon_core.environment:checking '/home/server/dev_ws/install/serial/bin'
[0.657s] INFO:colcon.colcon_core.shell:Creating package script '/home/server/dev_ws/install/serial/share/serial/package.ps1'
[0.658s] INFO:colcon.colcon_core.shell:Creating package descriptor '/home/server/dev_ws/install/serial/share/serial/package.dsv'
[0.658s] INFO:colcon.colcon_core.shell:Creating package script '/home/server/dev_ws/install/serial/share/serial/package.sh'
[0.658s] INFO:colcon.colcon_core.shell:Creating package script '/home/server/dev_ws/install/serial/share/serial/package.bash'
[0.659s] INFO:colcon.colcon_core.shell:Creating package script '/home/server/dev_ws/install/serial/share/serial/package.zsh'
[0.659s] Level 1:colcon.colcon_core.environment:create_file_with_runtime_dependencies(/home/server/dev_ws/install/serial/share/colcon-core/packages/serial)
[0.689s] Level 1:colcon.colcon_core.environment:create_environment_scripts_only(serial)
[0.691s] Level 1:colcon.colcon_core.environment:checking '/home/server/dev_ws/install/serial' for CMake module files
[0.691s] Level 1:colcon.colcon_core.environment:checking '/home/server/dev_ws/install/serial' for CMake config files
[0.692s] Level 1:colcon.colcon_core.shell:create_environment_hook('serial', 'cmake_prefix_path')
[0.693s] INFO:colcon.colcon_core.shell:Creating environment hook '/home/server/dev_ws/install/serial/share/serial/hook/cmake_prefix_path.ps1'
[0.693s] INFO:colcon.colcon_core.shell:Creating environment descriptor '/home/server/dev_ws/install/serial/share/serial/hook/cmake_prefix_path.dsv'
[0.694s] INFO:colcon.colcon_core.shell:Creating environment hook '/home/server/dev_ws/install/serial/share/serial/hook/cmake_prefix_path.sh'
[0.694s] Level 1:colcon.colcon_core.environment:checking '/home/server/dev_ws/install/serial/lib'
[0.694s] Level 1:colcon.colcon_core.environment:checking '/home/server/dev_ws/install/serial/bin'
[0.694s] Level 1:colcon.colcon_core.environment:checking '/home/server/dev_ws/install/serial/lib/pkgconfig/serial.pc'
[0.694s] Level 1:colcon.colcon_core.environment:checking '/home/server/dev_ws/install/serial/lib/python3.10/site-packages'
[0.695s] Level 1:colcon.colcon_core.environment:checking '/home/server/dev_ws/install/serial/bin'
[0.696s] INFO:colcon.colcon_core.shell:Creating package script '/home/server/dev_ws/install/serial/share/serial/package.ps1'
[0.696s] INFO:colcon.colcon_core.shell:Creating package descriptor '/home/server/dev_ws/install/serial/share/serial/package.dsv'
[0.697s] INFO:colcon.colcon_core.shell:Creating package script '/home/server/dev_ws/install/serial/share/serial/package.sh'
[0.697s] INFO:colcon.colcon_core.shell:Creating package script '/home/server/dev_ws/install/serial/share/serial/package.bash'
[0.697s] INFO:colcon.colcon_core.shell:Creating package script '/home/server/dev_ws/install/serial/share/serial/package.zsh'
[0.698s] Level 1:colcon.colcon_core.environment:create_file_with_runtime_dependencies(/home/server/dev_ws/install/serial/share/colcon-core/packages/serial)
[0.698s] INFO:colcon.colcon_ros.task.ament_cmake.build:Building ROS package in '/home/server/dev_ws/src/diffdrive_arduino' with build type 'ament_cmake'
[0.698s] INFO:colcon.colcon_cmake.task.cmake.build:Building CMake package in '/home/server/dev_ws/src/diffdrive_arduino'
[0.699s] INFO:colcon.colcon_core.shell:Skip shell extension 'powershell' for command environment: Not usable outside of PowerShell
[0.699s] DEBUG:colcon.colcon_core.shell:Skip shell extension 'dsv' for command environment
[0.711s] DEBUG:colcon.colcon_core.event_handler.log_command:Invoking command in '/home/server/dev_ws/build/diffdrive_arduino': AMENT_PREFIX_PATH=/home/server/dev_ws/install/serial:${AMENT_PREFIX_PATH} CMAKE_PREFIX_PATH=/home/server/dev_ws/install/serial:/opt/ros/humble LD_LIBRARY_PATH=/home/server/dev_ws/install/serial/lib:${LD_LIBRARY_PATH} /usr/bin/cmake --build /home/server/dev_ws/build/diffdrive_arduino -- -j8 -l8
[0.788s] DEBUG:colcon.colcon_core.event_handler.log_command:Invoked command in '/home/server/dev_ws/build/diffdrive_arduino' returned '0': AMENT_PREFIX_PATH=/home/server/dev_ws/install/serial:${AMENT_PREFIX_PATH} CMAKE_PREFIX_PATH=/home/server/dev_ws/install/serial:/opt/ros/humble LD_LIBRARY_PATH=/home/server/dev_ws/install/serial/lib:${LD_LIBRARY_PATH} /usr/bin/cmake --build /home/server/dev_ws/build/diffdrive_arduino -- -j8 -l8
[0.816s] DEBUG:colcon.colcon_core.event_handler.log_command:Invoking command in '/home/server/dev_ws/build/diffdrive_arduino': AMENT_PREFIX_PATH=/home/server/dev_ws/install/serial:${AMENT_PREFIX_PATH} CMAKE_PREFIX_PATH=/home/server/dev_ws/install/serial:/opt/ros/humble LD_LIBRARY_PATH=/home/server/dev_ws/install/serial/lib:${LD_LIBRARY_PATH} /usr/bin/cmake --install /home/server/dev_ws/build/diffdrive_arduino
[0.838s] Level 1:colcon.colcon_core.environment:create_environment_scripts_only(diffdrive_arduino)
[0.840s] Level 1:colcon.colcon_core.environment:checking '/home/server/dev_ws/install/diffdrive_arduino' for CMake module files
[0.840s] DEBUG:colcon.colcon_core.event_handler.log_command:Invoked command in '/home/server/dev_ws/build/diffdrive_arduino' returned '0': AMENT_PREFIX_PATH=/home/server/dev_ws/install/serial:${AMENT_PREFIX_PATH} CMAKE_PREFIX_PATH=/home/server/dev_ws/install/serial:/opt/ros/humble LD_LIBRARY_PATH=/home/server/dev_ws/install/serial/lib:${LD_LIBRARY_PATH} /usr/bin/cmake --install /home/server/dev_ws/build/diffdrive_arduino
[0.841s] Level 1:colcon.colcon_core.environment:checking '/home/server/dev_ws/install/diffdrive_arduino' for CMake config files
[0.841s] Level 1:colcon.colcon_core.shell:create_environment_hook('diffdrive_arduino', 'cmake_prefix_path')
[0.842s] INFO:colcon.colcon_core.shell:Creating environment hook '/home/server/dev_ws/install/diffdrive_arduino/share/diffdrive_arduino/hook/cmake_prefix_path.ps1'
[0.843s] INFO:colcon.colcon_core.shell:Creating environment descriptor '/home/server/dev_ws/install/diffdrive_arduino/share/diffdrive_arduino/hook/cmake_prefix_path.dsv'
[0.843s] INFO:colcon.colcon_core.shell:Creating environment hook '/home/server/dev_ws/install/diffdrive_arduino/share/diffdrive_arduino/hook/cmake_prefix_path.sh'
[0.843s] Level 1:colcon.colcon_core.environment:checking '/home/server/dev_ws/install/diffdrive_arduino/lib'
[0.843s] Level 1:colcon.colcon_core.shell:create_environment_hook('diffdrive_arduino', 'ld_library_path_lib')
[0.845s] INFO:colcon.colcon_core.shell:Creating environment hook '/home/server/dev_ws/install/diffdrive_arduino/share/diffdrive_arduino/hook/ld_library_path_lib.ps1'
[0.845s] INFO:colcon.colcon_core.shell:Creating environment descriptor '/home/server/dev_ws/install/diffdrive_arduino/share/diffdrive_arduino/hook/ld_library_path_lib.dsv'
[0.846s] INFO:colcon.colcon_core.shell:Creating environment hook '/home/server/dev_ws/install/diffdrive_arduino/share/diffdrive_arduino/hook/ld_library_path_lib.sh'
[0.846s] Level 1:colcon.colcon_core.environment:checking '/home/server/dev_ws/install/diffdrive_arduino/bin'
[0.846s] Level 1:colcon.colcon_core.environment:checking '/home/server/dev_ws/install/diffdrive_arduino/lib/pkgconfig/diffdrive_arduino.pc'
[0.846s] Level 1:colcon.colcon_core.environment:checking '/home/server/dev_ws/install/diffdrive_arduino/lib/python3.10/site-packages'
[0.847s] Level 1:colcon.colcon_core.environment:checking '/home/server/dev_ws/install/diffdrive_arduino/bin'
[0.848s] INFO:colcon.colcon_core.shell:Creating package script '/home/server/dev_ws/install/diffdrive_arduino/share/diffdrive_arduino/package.ps1'
[0.848s] INFO:colcon.colcon_core.shell:Creating package descriptor '/home/server/dev_ws/install/diffdrive_arduino/share/diffdrive_arduino/package.dsv'
[0.849s] INFO:colcon.colcon_core.shell:Creating package script '/home/server/dev_ws/install/diffdrive_arduino/share/diffdrive_arduino/package.sh'
[0.849s] INFO:colcon.colcon_core.shell:Creating package script '/home/server/dev_ws/install/diffdrive_arduino/share/diffdrive_arduino/package.bash'
[0.849s] INFO:colcon.colcon_core.shell:Creating package script '/home/server/dev_ws/install/diffdrive_arduino/share/diffdrive_arduino/package.zsh'
[0.850s] Level 1:colcon.colcon_core.environment:create_file_with_runtime_dependencies(/home/server/dev_ws/install/diffdrive_arduino/share/colcon-core/packages/diffdrive_arduino)
[0.878s] Level 1:colcon.colcon_core.environment:create_environment_scripts_only(diffdrive_arduino)
[0.879s] Level 1:colcon.colcon_core.environment:checking '/home/server/dev_ws/install/diffdrive_arduino' for CMake module files
[0.880s] Level 1:colcon.colcon_core.environment:checking '/home/server/dev_ws/install/diffdrive_arduino' for CMake config files
[0.880s] Level 1:colcon.colcon_core.shell:create_environment_hook('diffdrive_arduino', 'cmake_prefix_path')
[0.881s] INFO:colcon.colcon_core.shell:Creating environment hook '/home/server/dev_ws/install/diffdrive_arduino/share/diffdrive_arduino/hook/cmake_prefix_path.ps1'
[0.882s] INFO:colcon.colcon_core.shell:Creating environment descriptor '/home/server/dev_ws/install/diffdrive_arduino/share/diffdrive_arduino/hook/cmake_prefix_path.dsv'
[0.882s] INFO:colcon.colcon_core.shell:Creating environment hook '/home/server/dev_ws/install/diffdrive_arduino/share/diffdrive_arduino/hook/cmake_prefix_path.sh'
[0.882s] Level 1:colcon.colcon_core.environment:checking '/home/server/dev_ws/install/diffdrive_arduino/lib'
[0.882s] Level 1:colcon.colcon_core.shell:create_environment_hook('diffdrive_arduino', 'ld_library_path_lib')
[0.884s] INFO:colcon.colcon_core.shell:Creating environment hook '/home/server/dev_ws/install/diffdrive_arduino/share/diffdrive_arduino/hook/ld_library_path_lib.ps1'
[0.884s] INFO:colcon.colcon_core.shell:Creating environment descriptor '/home/server/dev_ws/install/diffdrive_arduino/share/diffdrive_arduino/hook/ld_library_path_lib.dsv'
[0.884s] INFO:colcon.colcon_core.shell:Creating environment hook '/home/server/dev_ws/install/diffdrive_arduino/share/diffdrive_arduino/hook/ld_library_path_lib.sh'
[0.884s] Level 1:colcon.colcon_core.environment:checking '/home/server/dev_ws/install/diffdrive_arduino/bin'
[0.885s] Level 1:colcon.colcon_core.environment:checking '/home/server/dev_ws/install/diffdrive_arduino/lib/pkgconfig/diffdrive_arduino.pc'
[0.885s] Level 1:colcon.colcon_core.environment:checking '/home/server/dev_ws/install/diffdrive_arduino/lib/python3.10/site-packages'
[0.885s] Level 1:colcon.colcon_core.environment:checking '/home/server/dev_ws/install/diffdrive_arduino/bin'
[0.886s] INFO:colcon.colcon_core.shell:Creating package script '/home/server/dev_ws/install/diffdrive_arduino/share/diffdrive_arduino/package.ps1'
[0.887s] INFO:colcon.colcon_core.shell:Creating package descriptor '/home/server/dev_ws/install/diffdrive_arduino/share/diffdrive_arduino/package.dsv'
[0.887s] INFO:colcon.colcon_core.shell:Creating package script '/home/server/dev_ws/install/diffdrive_arduino/share/diffdrive_arduino/package.sh'
[0.887s] INFO:colcon.colcon_core.shell:Creating package script '/home/server/dev_ws/install/diffdrive_arduino/share/diffdrive_arduino/package.bash'
[0.888s] INFO:colcon.colcon_core.shell:Creating package script '/home/server/dev_ws/install/diffdrive_arduino/share/diffdrive_arduino/package.zsh'
[0.888s] Level 1:colcon.colcon_core.environment:create_file_with_runtime_dependencies(/home/server/dev_ws/install/diffdrive_arduino/share/colcon-core/packages/diffdrive_arduino)
[0.888s] DEBUG:colcon.colcon_parallel_executor.executor.parallel:closing loop
[0.889s] DEBUG:colcon.colcon_parallel_executor.executor.parallel:loop closed
[0.889s] DEBUG:colcon.colcon_parallel_executor.executor.parallel:run_until_complete finished with '0'
[0.889s] DEBUG:colcon.colcon_core.event_reactor:joining thread
[0.895s] INFO:colcon.colcon_core.plugin_system:Skipping extension 'colcon_notification.desktop_notification.terminal_notifier': Not used on non-Darwin systems
[0.895s] INFO:colcon.colcon_core.plugin_system:Skipping extension 'colcon_notification.desktop_notification.win32': Not used on non-Windows systems
[0.895s] INFO:colcon.colcon_notification.desktop_notification:Sending desktop notification using 'notify2'
[0.914s] DEBUG:colcon.colcon_core.event_reactor:joined thread
[0.917s] INFO:colcon.colcon_core.shell:Creating prefix script '/home/server/dev_ws/install/local_setup.ps1'
[0.918s] INFO:colcon.colcon_core.shell:Creating prefix util module '/home/server/dev_ws/install/_local_setup_util_ps1.py'
[0.920s] INFO:colcon.colcon_core.shell:Creating prefix chain script '/home/server/dev_ws/install/setup.ps1'
[0.922s] INFO:colcon.colcon_core.shell:Creating prefix script '/home/server/dev_ws/install/local_setup.sh'
[0.923s] INFO:colcon.colcon_core.shell:Creating prefix util module '/home/server/dev_ws/install/_local_setup_util_sh.py'
[0.924s] INFO:colcon.colcon_core.shell:Creating prefix chain script '/home/server/dev_ws/install/setup.sh'
[0.927s] INFO:colcon.colcon_core.shell:Creating prefix script '/home/server/dev_ws/install/local_setup.bash'
[0.928s] INFO:colcon.colcon_core.shell:Creating prefix chain script '/home/server/dev_ws/install/setup.bash'
[0.930s] INFO:colcon.colcon_core.shell:Creating prefix script '/home/server/dev_ws/install/local_setup.zsh'
[0.930s] INFO:colcon.colcon_core.shell:Creating prefix chain script '/home/server/dev_ws/install/setup.zsh'
