[0.309s] DEBUG:colcon:Command line arguments: ['/usr/bin/colcon', 'build', '--symlink-install']
[0.309s] DEBUG:colcon:Parsed command line arguments: Namespace(log_base=None, log_level=None, verb_name='build', build_base='build', install_base='install', merge_install=False, symlink_install=True, test_result_base=None, continue_on_error=False, executor='parallel', parallel_workers=8, event_handlers=None, ignore_user_meta=False, metas=['./colcon.meta'], base_paths=['.'], packages_ignore=None, packages_ignore_regex=None, paths=None, packages_up_to=None, packages_up_to_regex=None, packages_above=None, packages_above_and_dependencies=None, packages_above_depth=None, packages_select_by_dep=None, packages_skip_by_dep=None, packages_skip_up_to=None, packages_select_build_failed=False, packages_skip_build_finished=False, packages_select_test_failures=False, packages_skip_test_passed=False, packages_select=None, packages_skip=None, packages_select_regex=None, packages_skip_regex=None, packages_start=None, packages_end=None, allow_overriding=[], cmake_args=None, cmake_target=None, cmake_target_skip_unavailable=False, cmake_clean_cache=False, cmake_clean_first=False, cmake_force_configure=False, ament_cmake_args=None, catkin_cmake_args=None, catkin_skip_building_tests=False, verb_parser=<colcon_defaults.argument_parser.defaults.DefaultArgumentsDecorator object at 0x7fc81e2cf0d0>, verb_extension=<colcon_core.verb.build.BuildVerb object at 0x7fc81e133670>, main=<bound method BuildVerb.main of <colcon_core.verb.build.BuildVerb object at 0x7fc81e133670>>)
[0.330s] Level 1:colcon.colcon_core.package_discovery:discover_packages(colcon_meta) check parameters
[0.330s] Level 1:colcon.colcon_core.package_discovery:discover_packages(recursive) check parameters
[0.330s] Level 1:colcon.colcon_core.package_discovery:discover_packages(ignore) check parameters
[0.330s] Level 1:colcon.colcon_core.package_discovery:discover_packages(path) check parameters
[0.330s] Level 1:colcon.colcon_core.package_discovery:discover_packages(colcon_meta) discover
[0.330s] Level 1:colcon.colcon_core.package_discovery:discover_packages(recursive) discover
[0.330s] INFO:colcon.colcon_core.package_discovery:Crawling recursively for packages in '/home/server/dev_ws'
[0.330s] Level 1:colcon.colcon_core.package_identification:_identify(.) by extensions ['ignore', 'ignore_ament_install']
[0.330s] Level 1:colcon.colcon_core.package_identification:_identify(.) by extension 'ignore'
[0.330s] Level 1:colcon.colcon_core.package_identification:_identify(.) by extension 'ignore_ament_install'
[0.330s] Level 1:colcon.colcon_core.package_identification:_identify(.) by extensions ['colcon_pkg']
[0.330s] Level 1:colcon.colcon_core.package_identification:_identify(.) by extension 'colcon_pkg'
[0.330s] Level 1:colcon.colcon_core.package_identification:_identify(.) by extensions ['colcon_meta']
[0.331s] Level 1:colcon.colcon_core.package_identification:_identify(.) by extension 'colcon_meta'
[0.331s] Level 1:colcon.colcon_core.package_identification:_identify(.) by extensions ['ros']
[0.331s] Level 1:colcon.colcon_core.package_identification:_identify(.) by extension 'ros'
[0.341s] Level 1:colcon.colcon_core.package_identification:_identify(.) by extensions ['cmake', 'python']
[0.341s] Level 1:colcon.colcon_core.package_identification:_identify(.) by extension 'cmake'
[0.341s] Level 1:colcon.colcon_core.package_identification:_identify(.) by extension 'python'
[0.341s] Level 1:colcon.colcon_core.package_identification:_identify(.) by extensions ['python_setup_py']
[0.341s] Level 1:colcon.colcon_core.package_identification:_identify(.) by extension 'python_setup_py'
[0.341s] Level 1:colcon.colcon_core.package_identification:_identify(build) by extensions ['ignore', 'ignore_ament_install']
[0.341s] Level 1:colcon.colcon_core.package_identification:_identify(build) by extension 'ignore'
[0.341s] Level 1:colcon.colcon_core.package_identification:_identify(build) ignored
[0.341s] Level 1:colcon.colcon_core.package_identification:_identify(install) by extensions ['ignore', 'ignore_ament_install']
[0.341s] Level 1:colcon.colcon_core.package_identification:_identify(install) by extension 'ignore'
[0.341s] Level 1:colcon.colcon_core.package_identification:_identify(install) ignored
[0.341s] Level 1:colcon.colcon_core.package_identification:_identify(log) by extensions ['ignore', 'ignore_ament_install']
[0.342s] Level 1:colcon.colcon_core.package_identification:_identify(log) by extension 'ignore'
[0.342s] Level 1:colcon.colcon_core.package_identification:_identify(log) ignored
[0.342s] Level 1:colcon.colcon_core.package_identification:_identify(src) by extensions ['ignore', 'ignore_ament_install']
[0.342s] Level 1:colcon.colcon_core.package_identification:_identify(src) by extension 'ignore'
[0.342s] Level 1:colcon.colcon_core.package_identification:_identify(src) by extension 'ignore_ament_install'
[0.342s] Level 1:colcon.colcon_core.package_identification:_identify(src) by extensions ['colcon_pkg']
[0.342s] Level 1:colcon.colcon_core.package_identification:_identify(src) by extension 'colcon_pkg'
[0.342s] Level 1:colcon.colcon_core.package_identification:_identify(src) by extensions ['colcon_meta']
[0.342s] Level 1:colcon.colcon_core.package_identification:_identify(src) by extension 'colcon_meta'
[0.342s] Level 1:colcon.colcon_core.package_identification:_identify(src) by extensions ['ros']
[0.342s] Level 1:colcon.colcon_core.package_identification:_identify(src) by extension 'ros'
[0.342s] Level 1:colcon.colcon_core.package_identification:_identify(src) by extensions ['cmake', 'python']
[0.342s] Level 1:colcon.colcon_core.package_identification:_identify(src) by extension 'cmake'
[0.342s] Level 1:colcon.colcon_core.package_identification:_identify(src) by extension 'python'
[0.342s] Level 1:colcon.colcon_core.package_identification:_identify(src) by extensions ['python_setup_py']
[0.342s] Level 1:colcon.colcon_core.package_identification:_identify(src) by extension 'python_setup_py'
[0.342s] Level 1:colcon.colcon_core.package_identification:_identify(src/diffdrive_arduino) by extensions ['ignore', 'ignore_ament_install']
[0.343s] Level 1:colcon.colcon_core.package_identification:_identify(src/diffdrive_arduino) by extension 'ignore'
[0.343s] Level 1:colcon.colcon_core.package_identification:_identify(src/diffdrive_arduino) by extension 'ignore_ament_install'
[0.343s] Level 1:colcon.colcon_core.package_identification:_identify(src/diffdrive_arduino) by extensions ['colcon_pkg']
[0.343s] Level 1:colcon.colcon_core.package_identification:_identify(src/diffdrive_arduino) by extension 'colcon_pkg'
[0.343s] Level 1:colcon.colcon_core.package_identification:_identify(src/diffdrive_arduino) by extensions ['colcon_meta']
[0.343s] Level 1:colcon.colcon_core.package_identification:_identify(src/diffdrive_arduino) by extension 'colcon_meta'
[0.343s] Level 1:colcon.colcon_core.package_identification:_identify(src/diffdrive_arduino) by extensions ['ros']
[0.343s] Level 1:colcon.colcon_core.package_identification:_identify(src/diffdrive_arduino) by extension 'ros'
[0.345s] DEBUG:colcon.colcon_core.package_identification:Package 'src/diffdrive_arduino' with type 'ros.ament_cmake' and name 'diffdrive_arduino'
[0.345s] Level 1:colcon.colcon_core.package_identification:_identify(src/my_bot) by extensions ['ignore', 'ignore_ament_install']
[0.345s] Level 1:colcon.colcon_core.package_identification:_identify(src/my_bot) by extension 'ignore'
[0.345s] Level 1:colcon.colcon_core.package_identification:_identify(src/my_bot) by extension 'ignore_ament_install'
[0.346s] Level 1:colcon.colcon_core.package_identification:_identify(src/my_bot) by extensions ['colcon_pkg']
[0.346s] Level 1:colcon.colcon_core.package_identification:_identify(src/my_bot) by extension 'colcon_pkg'
[0.346s] Level 1:colcon.colcon_core.package_identification:_identify(src/my_bot) by extensions ['colcon_meta']
[0.346s] Level 1:colcon.colcon_core.package_identification:_identify(src/my_bot) by extension 'colcon_meta'
[0.346s] Level 1:colcon.colcon_core.package_identification:_identify(src/my_bot) by extensions ['ros']
[0.346s] Level 1:colcon.colcon_core.package_identification:_identify(src/my_bot) by extension 'ros'
[0.346s] DEBUG:colcon.colcon_core.package_identification:Package 'src/my_bot' with type 'ros.ament_cmake' and name 'my_bot'
[0.346s] Level 1:colcon.colcon_core.package_identification:_identify(src/serial) by extensions ['ignore', 'ignore_ament_install']
[0.346s] Level 1:colcon.colcon_core.package_identification:_identify(src/serial) by extension 'ignore'
[0.346s] Level 1:colcon.colcon_core.package_identification:_identify(src/serial) by extension 'ignore_ament_install'
[0.346s] Level 1:colcon.colcon_core.package_identification:_identify(src/serial) by extensions ['colcon_pkg']
[0.346s] Level 1:colcon.colcon_core.package_identification:_identify(src/serial) by extension 'colcon_pkg'
[0.347s] Level 1:colcon.colcon_core.package_identification:_identify(src/serial) by extensions ['colcon_meta']
[0.347s] Level 1:colcon.colcon_core.package_identification:_identify(src/serial) by extension 'colcon_meta'
[0.347s] Level 1:colcon.colcon_core.package_identification:_identify(src/serial) by extensions ['ros']
[0.347s] Level 1:colcon.colcon_core.package_identification:_identify(src/serial) by extension 'ros'
[0.347s] DEBUG:colcon.colcon_core.package_identification:Package 'src/serial' with type 'ros.ament_cmake' and name 'serial'
[0.347s] Level 1:colcon.colcon_core.package_discovery:discover_packages(recursive) using defaults
[0.347s] Level 1:colcon.colcon_core.package_discovery:discover_packages(ignore) discover
[0.347s] Level 1:colcon.colcon_core.package_discovery:discover_packages(ignore) using defaults
[0.347s] Level 1:colcon.colcon_core.package_discovery:discover_packages(path) discover
[0.347s] Level 1:colcon.colcon_core.package_discovery:discover_packages(path) using defaults
[0.367s] Level 1:colcon.colcon_core.package_discovery:discover_packages(prefix_path) check parameters
[0.367s] Level 1:colcon.colcon_core.package_discovery:discover_packages(prefix_path) discover
[0.371s] DEBUG:colcon.colcon_installed_package_information.package_discovery:Found 364 installed packages in /opt/ros/humble
[0.373s] Level 1:colcon.colcon_core.package_discovery:discover_packages(prefix_path) using defaults
[0.444s] Level 5:colcon.colcon_core.verb:set package 'my_bot' build argument 'cmake_args' from command line to 'None'
[0.444s] Level 5:colcon.colcon_core.verb:set package 'my_bot' build argument 'cmake_target' from command line to 'None'
[0.444s] Level 5:colcon.colcon_core.verb:set package 'my_bot' build argument 'cmake_target_skip_unavailable' from command line to 'False'
[0.444s] Level 5:colcon.colcon_core.verb:set package 'my_bot' build argument 'cmake_clean_cache' from command line to 'False'
[0.444s] Level 5:colcon.colcon_core.verb:set package 'my_bot' build argument 'cmake_clean_first' from command line to 'False'
[0.444s] Level 5:colcon.colcon_core.verb:set package 'my_bot' build argument 'cmake_force_configure' from command line to 'False'
[0.444s] Level 5:colcon.colcon_core.verb:set package 'my_bot' build argument 'ament_cmake_args' from command line to 'None'
[0.444s] Level 5:colcon.colcon_core.verb:set package 'my_bot' build argument 'catkin_cmake_args' from command line to 'None'
[0.444s] Level 5:colcon.colcon_core.verb:set package 'my_bot' build argument 'catkin_skip_building_tests' from command line to 'False'
[0.444s] DEBUG:colcon.colcon_core.verb:Building package 'my_bot' with the following arguments: {'ament_cmake_args': None, 'build_base': '/home/server/dev_ws/build/my_bot', 'catkin_cmake_args': None, 'catkin_skip_building_tests': False, 'cmake_args': None, 'cmake_clean_cache': False, 'cmake_clean_first': False, 'cmake_force_configure': False, 'cmake_target': None, 'cmake_target_skip_unavailable': False, 'install_base': '/home/server/dev_ws/install/my_bot', 'merge_install': False, 'path': '/home/server/dev_ws/src/my_bot', 'symlink_install': True, 'test_result_base': None}
[0.445s] Level 5:colcon.colcon_core.verb:set package 'serial' build argument 'cmake_args' from command line to 'None'
[0.445s] Level 5:colcon.colcon_core.verb:set package 'serial' build argument 'cmake_target' from command line to 'None'
[0.445s] Level 5:colcon.colcon_core.verb:set package 'serial' build argument 'cmake_target_skip_unavailable' from command line to 'False'
[0.445s] Level 5:colcon.colcon_core.verb:set package 'serial' build argument 'cmake_clean_cache' from command line to 'False'
[0.445s] Level 5:colcon.colcon_core.verb:set package 'serial' build argument 'cmake_clean_first' from command line to 'False'
[0.445s] Level 5:colcon.colcon_core.verb:set package 'serial' build argument 'cmake_force_configure' from command line to 'False'
[0.445s] Level 5:colcon.colcon_core.verb:set package 'serial' build argument 'ament_cmake_args' from command line to 'None'
[0.445s] Level 5:colcon.colcon_core.verb:set package 'serial' build argument 'catkin_cmake_args' from command line to 'None'
[0.445s] Level 5:colcon.colcon_core.verb:set package 'serial' build argument 'catkin_skip_building_tests' from command line to 'False'
[0.445s] DEBUG:colcon.colcon_core.verb:Building package 'serial' with the following arguments: {'ament_cmake_args': None, 'build_base': '/home/server/dev_ws/build/serial', 'catkin_cmake_args': None, 'catkin_skip_building_tests': False, 'cmake_args': None, 'cmake_clean_cache': False, 'cmake_clean_first': False, 'cmake_force_configure': False, 'cmake_target': None, 'cmake_target_skip_unavailable': False, 'install_base': '/home/server/dev_ws/install/serial', 'merge_install': False, 'path': '/home/server/dev_ws/src/serial', 'symlink_install': True, 'test_result_base': None}
[0.446s] Level 5:colcon.colcon_core.verb:set package 'diffdrive_arduino' build argument 'cmake_args' from command line to 'None'
[0.446s] Level 5:colcon.colcon_core.verb:set package 'diffdrive_arduino' build argument 'cmake_target' from command line to 'None'
[0.446s] Level 5:colcon.colcon_core.verb:set package 'diffdrive_arduino' build argument 'cmake_target_skip_unavailable' from command line to 'False'
[0.446s] Level 5:colcon.colcon_core.verb:set package 'diffdrive_arduino' build argument 'cmake_clean_cache' from command line to 'False'
[0.446s] Level 5:colcon.colcon_core.verb:set package 'diffdrive_arduino' build argument 'cmake_clean_first' from command line to 'False'
[0.446s] Level 5:colcon.colcon_core.verb:set package 'diffdrive_arduino' build argument 'cmake_force_configure' from command line to 'False'
[0.446s] Level 5:colcon.colcon_core.verb:set package 'diffdrive_arduino' build argument 'ament_cmake_args' from command line to 'None'
[0.446s] Level 5:colcon.colcon_core.verb:set package 'diffdrive_arduino' build argument 'catkin_cmake_args' from command line to 'None'
[0.446s] Level 5:colcon.colcon_core.verb:set package 'diffdrive_arduino' build argument 'catkin_skip_building_tests' from command line to 'False'
[0.446s] DEBUG:colcon.colcon_core.verb:Building package 'diffdrive_arduino' with the following arguments: {'ament_cmake_args': None, 'build_base': '/home/server/dev_ws/build/diffdrive_arduino', 'catkin_cmake_args': None, 'catkin_skip_building_tests': False, 'cmake_args': None, 'cmake_clean_cache': False, 'cmake_clean_first': False, 'cmake_force_configure': False, 'cmake_target': None, 'cmake_target_skip_unavailable': False, 'install_base': '/home/server/dev_ws/install/diffdrive_arduino', 'merge_install': False, 'path': '/home/server/dev_ws/src/diffdrive_arduino', 'symlink_install': True, 'test_result_base': None}
[0.447s] INFO:colcon.colcon_core.executor:Executing jobs using 'parallel' executor
[0.450s] DEBUG:colcon.colcon_parallel_executor.executor.parallel:run_until_complete
[0.450s] INFO:colcon.colcon_ros.task.ament_cmake.build:Building ROS package in '/home/server/dev_ws/src/serial' with build type 'ament_cmake'
[0.451s] INFO:colcon.colcon_cmake.task.cmake.build:Building CMake package in '/home/server/dev_ws/src/serial'
[0.455s] INFO:colcon.colcon_core.plugin_system:Skipping extension 'colcon_core.shell.bat': Not used on non-Windows systems
[0.455s] INFO:colcon.colcon_core.shell:Skip shell extension 'powershell' for command environment: Not usable outside of PowerShell
[0.455s] DEBUG:colcon.colcon_core.shell:Skip shell extension 'dsv' for command environment
[0.458s] INFO:colcon.colcon_ros.task.ament_cmake.build:Building ROS package in '/home/server/dev_ws/src/my_bot' with build type 'ament_cmake'
[0.458s] INFO:colcon.colcon_cmake.task.cmake.build:Building CMake package in '/home/server/dev_ws/src/my_bot'
[0.460s] INFO:colcon.colcon_core.shell:Skip shell extension 'powershell' for command environment: Not usable outside of PowerShell
[0.460s] DEBUG:colcon.colcon_core.shell:Skip shell extension 'dsv' for command environment
[0.468s] DEBUG:colcon.colcon_core.event_handler.log_command:Invoking command in '/home/server/dev_ws/build/serial': CMAKE_PREFIX_PATH=/opt/ros/humble /usr/bin/cmake --build /home/server/dev_ws/build/serial -- -j8 -l8
[0.474s] DEBUG:colcon.colcon_core.event_handler.log_command:Invoking command in '/home/server/dev_ws/build/my_bot': CMAKE_PREFIX_PATH=/opt/ros/humble /usr/bin/cmake --build /home/server/dev_ws/build/my_bot -- -j8 -l8
[0.509s] DEBUG:colcon.colcon_core.event_handler.log_command:Invoked command in '/home/server/dev_ws/build/my_bot' returned '0': CMAKE_PREFIX_PATH=/opt/ros/humble /usr/bin/cmake --build /home/server/dev_ws/build/my_bot -- -j8 -l8
[0.540s] DEBUG:colcon.colcon_core.event_handler.log_command:Invoking command in '/home/server/dev_ws/build/my_bot': CMAKE_PREFIX_PATH=/opt/ros/humble /usr/bin/cmake --install /home/server/dev_ws/build/my_bot
[0.558s] DEBUG:colcon.colcon_core.event_handler.log_command:Invoked command in '/home/server/dev_ws/build/serial' returned '0': CMAKE_PREFIX_PATH=/opt/ros/humble /usr/bin/cmake --build /home/server/dev_ws/build/serial -- -j8 -l8
[0.564s] Level 1:colcon.colcon_core.environment:create_environment_scripts_only(my_bot)
[0.565s] DEBUG:colcon.colcon_core.event_handler.log_command:Invoked command in '/home/server/dev_ws/build/my_bot' returned '0': CMAKE_PREFIX_PATH=/opt/ros/humble /usr/bin/cmake --install /home/server/dev_ws/build/my_bot
[0.570s] Level 1:colcon.colcon_core.environment:checking '/home/server/dev_ws/install/my_bot' for CMake module files
[0.571s] Level 1:colcon.colcon_core.environment:checking '/home/server/dev_ws/install/my_bot' for CMake config files
[0.571s] Level 1:colcon.colcon_core.shell:create_environment_hook('my_bot', 'cmake_prefix_path')
[0.573s] INFO:colcon.colcon_core.shell:Creating environment hook '/home/server/dev_ws/install/my_bot/share/my_bot/hook/cmake_prefix_path.ps1'
[0.573s] INFO:colcon.colcon_core.shell:Creating environment descriptor '/home/server/dev_ws/install/my_bot/share/my_bot/hook/cmake_prefix_path.dsv'
[0.574s] INFO:colcon.colcon_core.shell:Creating environment hook '/home/server/dev_ws/install/my_bot/share/my_bot/hook/cmake_prefix_path.sh'
[0.575s] Level 1:colcon.colcon_core.environment:checking '/home/server/dev_ws/install/my_bot/bin'
[0.575s] Level 1:colcon.colcon_core.environment:checking '/home/server/dev_ws/install/my_bot/lib/pkgconfig/my_bot.pc'
[0.575s] Level 1:colcon.colcon_core.environment:checking '/home/server/dev_ws/install/my_bot/lib/python3.10/site-packages'
[0.576s] Level 1:colcon.colcon_core.environment:checking '/home/server/dev_ws/install/my_bot/bin'
[0.577s] INFO:colcon.colcon_core.shell:Creating package script '/home/server/dev_ws/install/my_bot/share/my_bot/package.ps1'
[0.578s] INFO:colcon.colcon_core.shell:Creating package descriptor '/home/server/dev_ws/install/my_bot/share/my_bot/package.dsv'
[0.578s] INFO:colcon.colcon_core.shell:Creating package script '/home/server/dev_ws/install/my_bot/share/my_bot/package.sh'
[0.579s] INFO:colcon.colcon_core.shell:Creating package script '/home/server/dev_ws/install/my_bot/share/my_bot/package.bash'
[0.580s] INFO:colcon.colcon_core.shell:Creating package script '/home/server/dev_ws/install/my_bot/share/my_bot/package.zsh'
[0.580s] Level 1:colcon.colcon_core.environment:create_file_with_runtime_dependencies(/home/server/dev_ws/install/my_bot/share/colcon-core/packages/my_bot)
[0.591s] DEBUG:colcon.colcon_core.event_handler.log_command:Invoking command in '/home/server/dev_ws/build/serial': CMAKE_PREFIX_PATH=/opt/ros/humble /usr/bin/cmake --install /home/server/dev_ws/build/serial
[0.602s] Level 1:colcon.colcon_core.environment:create_environment_scripts_only(my_bot)
[0.604s] Level 1:colcon.colcon_core.environment:checking '/home/server/dev_ws/install/my_bot' for CMake module files
[0.605s] Level 1:colcon.colcon_core.environment:checking '/home/server/dev_ws/install/my_bot' for CMake config files
[0.605s] Level 1:colcon.colcon_core.shell:create_environment_hook('my_bot', 'cmake_prefix_path')
[0.607s] INFO:colcon.colcon_core.shell:Creating environment hook '/home/server/dev_ws/install/my_bot/share/my_bot/hook/cmake_prefix_path.ps1'
[0.607s] INFO:colcon.colcon_core.shell:Creating environment descriptor '/home/server/dev_ws/install/my_bot/share/my_bot/hook/cmake_prefix_path.dsv'
[0.607s] INFO:colcon.colcon_core.shell:Creating environment hook '/home/server/dev_ws/install/my_bot/share/my_bot/hook/cmake_prefix_path.sh'
[0.608s] Level 1:colcon.colcon_core.environment:checking '/home/server/dev_ws/install/my_bot/bin'
[0.608s] Level 1:colcon.colcon_core.environment:checking '/home/server/dev_ws/install/my_bot/lib/pkgconfig/my_bot.pc'
[0.608s] Level 1:colcon.colcon_core.environment:checking '/home/server/dev_ws/install/my_bot/lib/python3.10/site-packages'
[0.608s] Level 1:colcon.colcon_core.environment:checking '/home/server/dev_ws/install/my_bot/bin'
[0.610s] INFO:colcon.colcon_core.shell:Creating package script '/home/server/dev_ws/install/my_bot/share/my_bot/package.ps1'
[0.611s] INFO:colcon.colcon_core.shell:Creating package descriptor '/home/server/dev_ws/install/my_bot/share/my_bot/package.dsv'
[0.611s] INFO:colcon.colcon_core.shell:Creating package script '/home/server/dev_ws/install/my_bot/share/my_bot/package.sh'
[0.612s] INFO:colcon.colcon_core.shell:Creating package script '/home/server/dev_ws/install/my_bot/share/my_bot/package.bash'
[0.612s] INFO:colcon.colcon_core.shell:Creating package script '/home/server/dev_ws/install/my_bot/share/my_bot/package.zsh'
[0.613s] Level 1:colcon.colcon_core.environment:create_file_with_runtime_dependencies(/home/server/dev_ws/install/my_bot/share/colcon-core/packages/my_bot)
[0.614s] Level 1:colcon.colcon_core.environment:create_environment_scripts_only(serial)
[0.615s] Level 1:colcon.colcon_core.environment:checking '/home/server/dev_ws/install/serial' for CMake module files
[0.616s] DEBUG:colcon.colcon_core.event_handler.log_command:Invoked command in '/home/server/dev_ws/build/serial' returned '0': CMAKE_PREFIX_PATH=/opt/ros/humble /usr/bin/cmake --install /home/server/dev_ws/build/serial
[0.616s] Level 1:colcon.colcon_core.environment:checking '/home/server/dev_ws/install/serial' for CMake config files
[0.616s] Level 1:colcon.colcon_core.shell:create_environment_hook('serial', 'cmake_prefix_path')
[0.617s] INFO:colcon.colcon_core.shell:Creating environment hook '/home/server/dev_ws/install/serial/share/serial/hook/cmake_prefix_path.ps1'
[0.618s] INFO:colcon.colcon_core.shell:Creating environment descriptor '/home/server/dev_ws/install/serial/share/serial/hook/cmake_prefix_path.dsv'
[0.618s] INFO:colcon.colcon_core.shell:Creating environment hook '/home/server/dev_ws/install/serial/share/serial/hook/cmake_prefix_path.sh'
[0.619s] Level 1:colcon.colcon_core.environment:checking '/home/server/dev_ws/install/serial/lib'
[0.619s] Level 1:colcon.colcon_core.environment:checking '/home/server/dev_ws/install/serial/bin'
[0.619s] Level 1:colcon.colcon_core.environment:checking '/home/server/dev_ws/install/serial/lib/pkgconfig/serial.pc'
[0.619s] Level 1:colcon.colcon_core.environment:checking '/home/server/dev_ws/install/serial/lib/python3.10/site-packages'
[0.619s] Level 1:colcon.colcon_core.environment:checking '/home/server/dev_ws/install/serial/bin'
[0.620s] INFO:colcon.colcon_core.shell:Creating package script '/home/server/dev_ws/install/serial/share/serial/package.ps1'
[0.621s] INFO:colcon.colcon_core.shell:Creating package descriptor '/home/server/dev_ws/install/serial/share/serial/package.dsv'
[0.621s] INFO:colcon.colcon_core.shell:Creating package script '/home/server/dev_ws/install/serial/share/serial/package.sh'
[0.621s] INFO:colcon.colcon_core.shell:Creating package script '/home/server/dev_ws/install/serial/share/serial/package.bash'
[0.622s] INFO:colcon.colcon_core.shell:Creating package script '/home/server/dev_ws/install/serial/share/serial/package.zsh'
[0.622s] Level 1:colcon.colcon_core.environment:create_file_with_runtime_dependencies(/home/server/dev_ws/install/serial/share/colcon-core/packages/serial)
[0.655s] Level 1:colcon.colcon_core.environment:create_environment_scripts_only(serial)
[0.657s] Level 1:colcon.colcon_core.environment:checking '/home/server/dev_ws/install/serial' for CMake module files
[0.657s] Level 1:colcon.colcon_core.environment:checking '/home/server/dev_ws/install/serial' for CMake config files
[0.657s] Level 1:colcon.colcon_core.shell:create_environment_hook('serial', 'cmake_prefix_path')
[0.659s] INFO:colcon.colcon_core.shell:Creating environment hook '/home/server/dev_ws/install/serial/share/serial/hook/cmake_prefix_path.ps1'
[0.659s] INFO:colcon.colcon_core.shell:Creating environment descriptor '/home/server/dev_ws/install/serial/share/serial/hook/cmake_prefix_path.dsv'
[0.659s] INFO:colcon.colcon_core.shell:Creating environment hook '/home/server/dev_ws/install/serial/share/serial/hook/cmake_prefix_path.sh'
[0.660s] Level 1:colcon.colcon_core.environment:checking '/home/server/dev_ws/install/serial/lib'
[0.660s] Level 1:colcon.colcon_core.environment:checking '/home/server/dev_ws/install/serial/bin'
[0.660s] Level 1:colcon.colcon_core.environment:checking '/home/server/dev_ws/install/serial/lib/pkgconfig/serial.pc'
[0.660s] Level 1:colcon.colcon_core.environment:checking '/home/server/dev_ws/install/serial/lib/python3.10/site-packages'
[0.661s] Level 1:colcon.colcon_core.environment:checking '/home/server/dev_ws/install/serial/bin'
[0.662s] INFO:colcon.colcon_core.shell:Creating package script '/home/server/dev_ws/install/serial/share/serial/package.ps1'
[0.662s] INFO:colcon.colcon_core.shell:Creating package descriptor '/home/server/dev_ws/install/serial/share/serial/package.dsv'
[0.663s] INFO:colcon.colcon_core.shell:Creating package script '/home/server/dev_ws/install/serial/share/serial/package.sh'
[0.663s] INFO:colcon.colcon_core.shell:Creating package script '/home/server/dev_ws/install/serial/share/serial/package.bash'
[0.663s] INFO:colcon.colcon_core.shell:Creating package script '/home/server/dev_ws/install/serial/share/serial/package.zsh'
[0.664s] Level 1:colcon.colcon_core.environment:create_file_with_runtime_dependencies(/home/server/dev_ws/install/serial/share/colcon-core/packages/serial)
[0.664s] INFO:colcon.colcon_ros.task.ament_cmake.build:Building ROS package in '/home/server/dev_ws/src/diffdrive_arduino' with build type 'ament_cmake'
[0.664s] INFO:colcon.colcon_cmake.task.cmake.build:Building CMake package in '/home/server/dev_ws/src/diffdrive_arduino'
[0.665s] INFO:colcon.colcon_core.shell:Skip shell extension 'powershell' for command environment: Not usable outside of PowerShell
[0.665s] DEBUG:colcon.colcon_core.shell:Skip shell extension 'dsv' for command environment
[0.676s] DEBUG:colcon.colcon_core.event_handler.log_command:Invoking command in '/home/server/dev_ws/build/diffdrive_arduino': AMENT_PREFIX_PATH=/home/server/dev_ws/install/serial:${AMENT_PREFIX_PATH} CMAKE_PREFIX_PATH=/home/server/dev_ws/install/serial:/opt/ros/humble LD_LIBRARY_PATH=/home/server/dev_ws/install/serial/lib:${LD_LIBRARY_PATH} /usr/bin/cmake --build /home/server/dev_ws/build/diffdrive_arduino -- -j8 -l8
[0.747s] DEBUG:colcon.colcon_core.event_handler.log_command:Invoked command in '/home/server/dev_ws/build/diffdrive_arduino' returned '0': AMENT_PREFIX_PATH=/home/server/dev_ws/install/serial:${AMENT_PREFIX_PATH} CMAKE_PREFIX_PATH=/home/server/dev_ws/install/serial:/opt/ros/humble LD_LIBRARY_PATH=/home/server/dev_ws/install/serial/lib:${LD_LIBRARY_PATH} /usr/bin/cmake --build /home/server/dev_ws/build/diffdrive_arduino -- -j8 -l8
[0.776s] DEBUG:colcon.colcon_core.event_handler.log_command:Invoking command in '/home/server/dev_ws/build/diffdrive_arduino': AMENT_PREFIX_PATH=/home/server/dev_ws/install/serial:${AMENT_PREFIX_PATH} CMAKE_PREFIX_PATH=/home/server/dev_ws/install/serial:/opt/ros/humble LD_LIBRARY_PATH=/home/server/dev_ws/install/serial/lib:${LD_LIBRARY_PATH} /usr/bin/cmake --install /home/server/dev_ws/build/diffdrive_arduino
[0.798s] Level 1:colcon.colcon_core.environment:create_environment_scripts_only(diffdrive_arduino)
[0.799s] DEBUG:colcon.colcon_core.event_handler.log_command:Invoked command in '/home/server/dev_ws/build/diffdrive_arduino' returned '0': AMENT_PREFIX_PATH=/home/server/dev_ws/install/serial:${AMENT_PREFIX_PATH} CMAKE_PREFIX_PATH=/home/server/dev_ws/install/serial:/opt/ros/humble LD_LIBRARY_PATH=/home/server/dev_ws/install/serial/lib:${LD_LIBRARY_PATH} /usr/bin/cmake --install /home/server/dev_ws/build/diffdrive_arduino
[0.801s] Level 1:colcon.colcon_core.environment:checking '/home/server/dev_ws/install/diffdrive_arduino' for CMake module files
[0.802s] Level 1:colcon.colcon_core.environment:checking '/home/server/dev_ws/install/diffdrive_arduino' for CMake config files
[0.802s] Level 1:colcon.colcon_core.shell:create_environment_hook('diffdrive_arduino', 'cmake_prefix_path')
[0.803s] INFO:colcon.colcon_core.shell:Creating environment hook '/home/server/dev_ws/install/diffdrive_arduino/share/diffdrive_arduino/hook/cmake_prefix_path.ps1'
[0.804s] INFO:colcon.colcon_core.shell:Creating environment descriptor '/home/server/dev_ws/install/diffdrive_arduino/share/diffdrive_arduino/hook/cmake_prefix_path.dsv'
[0.804s] INFO:colcon.colcon_core.shell:Creating environment hook '/home/server/dev_ws/install/diffdrive_arduino/share/diffdrive_arduino/hook/cmake_prefix_path.sh'
[0.805s] Level 1:colcon.colcon_core.environment:checking '/home/server/dev_ws/install/diffdrive_arduino/lib'
[0.805s] Level 1:colcon.colcon_core.shell:create_environment_hook('diffdrive_arduino', 'ld_library_path_lib')
[0.806s] INFO:colcon.colcon_core.shell:Creating environment hook '/home/server/dev_ws/install/diffdrive_arduino/share/diffdrive_arduino/hook/ld_library_path_lib.ps1'
[0.807s] INFO:colcon.colcon_core.shell:Creating environment descriptor '/home/server/dev_ws/install/diffdrive_arduino/share/diffdrive_arduino/hook/ld_library_path_lib.dsv'
[0.807s] INFO:colcon.colcon_core.shell:Creating environment hook '/home/server/dev_ws/install/diffdrive_arduino/share/diffdrive_arduino/hook/ld_library_path_lib.sh'
[0.807s] Level 1:colcon.colcon_core.environment:checking '/home/server/dev_ws/install/diffdrive_arduino/bin'
[0.807s] Level 1:colcon.colcon_core.environment:checking '/home/server/dev_ws/install/diffdrive_arduino/lib/pkgconfig/diffdrive_arduino.pc'
[0.807s] Level 1:colcon.colcon_core.environment:checking '/home/server/dev_ws/install/diffdrive_arduino/lib/python3.10/site-packages'
[0.808s] Level 1:colcon.colcon_core.environment:checking '/home/server/dev_ws/install/diffdrive_arduino/bin'
[0.809s] INFO:colcon.colcon_core.shell:Creating package script '/home/server/dev_ws/install/diffdrive_arduino/share/diffdrive_arduino/package.ps1'
[0.809s] INFO:colcon.colcon_core.shell:Creating package descriptor '/home/server/dev_ws/install/diffdrive_arduino/share/diffdrive_arduino/package.dsv'
[0.810s] INFO:colcon.colcon_core.shell:Creating package script '/home/server/dev_ws/install/diffdrive_arduino/share/diffdrive_arduino/package.sh'
[0.810s] INFO:colcon.colcon_core.shell:Creating package script '/home/server/dev_ws/install/diffdrive_arduino/share/diffdrive_arduino/package.bash'
[0.811s] INFO:colcon.colcon_core.shell:Creating package script '/home/server/dev_ws/install/diffdrive_arduino/share/diffdrive_arduino/package.zsh'
[0.811s] Level 1:colcon.colcon_core.environment:create_file_with_runtime_dependencies(/home/server/dev_ws/install/diffdrive_arduino/share/colcon-core/packages/diffdrive_arduino)
[0.843s] Level 1:colcon.colcon_core.environment:create_environment_scripts_only(diffdrive_arduino)
[0.844s] Level 1:colcon.colcon_core.environment:checking '/home/server/dev_ws/install/diffdrive_arduino' for CMake module files
[0.845s] Level 1:colcon.colcon_core.environment:checking '/home/server/dev_ws/install/diffdrive_arduino' for CMake config files
[0.845s] Level 1:colcon.colcon_core.shell:create_environment_hook('diffdrive_arduino', 'cmake_prefix_path')
[0.846s] INFO:colcon.colcon_core.shell:Creating environment hook '/home/server/dev_ws/install/diffdrive_arduino/share/diffdrive_arduino/hook/cmake_prefix_path.ps1'
[0.847s] INFO:colcon.colcon_core.shell:Creating environment descriptor '/home/server/dev_ws/install/diffdrive_arduino/share/diffdrive_arduino/hook/cmake_prefix_path.dsv'
[0.847s] INFO:colcon.colcon_core.shell:Creating environment hook '/home/server/dev_ws/install/diffdrive_arduino/share/diffdrive_arduino/hook/cmake_prefix_path.sh'
[0.847s] Level 1:colcon.colcon_core.environment:checking '/home/server/dev_ws/install/diffdrive_arduino/lib'
[0.847s] Level 1:colcon.colcon_core.shell:create_environment_hook('diffdrive_arduino', 'ld_library_path_lib')
[0.849s] INFO:colcon.colcon_core.shell:Creating environment hook '/home/server/dev_ws/install/diffdrive_arduino/share/diffdrive_arduino/hook/ld_library_path_lib.ps1'
[0.849s] INFO:colcon.colcon_core.shell:Creating environment descriptor '/home/server/dev_ws/install/diffdrive_arduino/share/diffdrive_arduino/hook/ld_library_path_lib.dsv'
[0.849s] INFO:colcon.colcon_core.shell:Creating environment hook '/home/server/dev_ws/install/diffdrive_arduino/share/diffdrive_arduino/hook/ld_library_path_lib.sh'
[0.850s] Level 1:colcon.colcon_core.environment:checking '/home/server/dev_ws/install/diffdrive_arduino/bin'
[0.850s] Level 1:colcon.colcon_core.environment:checking '/home/server/dev_ws/install/diffdrive_arduino/lib/pkgconfig/diffdrive_arduino.pc'
[0.850s] Level 1:colcon.colcon_core.environment:checking '/home/server/dev_ws/install/diffdrive_arduino/lib/python3.10/site-packages'
[0.850s] Level 1:colcon.colcon_core.environment:checking '/home/server/dev_ws/install/diffdrive_arduino/bin'
[0.852s] INFO:colcon.colcon_core.shell:Creating package script '/home/server/dev_ws/install/diffdrive_arduino/share/diffdrive_arduino/package.ps1'
[0.852s] INFO:colcon.colcon_core.shell:Creating package descriptor '/home/server/dev_ws/install/diffdrive_arduino/share/diffdrive_arduino/package.dsv'
[0.853s] INFO:colcon.colcon_core.shell:Creating package script '/home/server/dev_ws/install/diffdrive_arduino/share/diffdrive_arduino/package.sh'
[0.853s] INFO:colcon.colcon_core.shell:Creating package script '/home/server/dev_ws/install/diffdrive_arduino/share/diffdrive_arduino/package.bash'
[0.853s] INFO:colcon.colcon_core.shell:Creating package script '/home/server/dev_ws/install/diffdrive_arduino/share/diffdrive_arduino/package.zsh'
[0.854s] Level 1:colcon.colcon_core.environment:create_file_with_runtime_dependencies(/home/server/dev_ws/install/diffdrive_arduino/share/colcon-core/packages/diffdrive_arduino)
[0.854s] DEBUG:colcon.colcon_parallel_executor.executor.parallel:closing loop
[0.854s] DEBUG:colcon.colcon_parallel_executor.executor.parallel:loop closed
[0.854s] DEBUG:colcon.colcon_parallel_executor.executor.parallel:run_until_complete finished with '0'
[0.854s] DEBUG:colcon.colcon_core.event_reactor:joining thread
[0.862s] INFO:colcon.colcon_core.plugin_system:Skipping extension 'colcon_notification.desktop_notification.terminal_notifier': Not used on non-Darwin systems
[0.862s] INFO:colcon.colcon_core.plugin_system:Skipping extension 'colcon_notification.desktop_notification.win32': Not used on non-Windows systems
[0.862s] INFO:colcon.colcon_notification.desktop_notification:Sending desktop notification using 'notify2'
[0.872s] DEBUG:colcon.colcon_core.event_reactor:joined thread
[0.875s] INFO:colcon.colcon_core.shell:Creating prefix script '/home/server/dev_ws/install/local_setup.ps1'
[0.876s] INFO:colcon.colcon_core.shell:Creating prefix util module '/home/server/dev_ws/install/_local_setup_util_ps1.py'
[0.877s] INFO:colcon.colcon_core.shell:Creating prefix chain script '/home/server/dev_ws/install/setup.ps1'
[0.879s] INFO:colcon.colcon_core.shell:Creating prefix script '/home/server/dev_ws/install/local_setup.sh'
[0.880s] INFO:colcon.colcon_core.shell:Creating prefix util module '/home/server/dev_ws/install/_local_setup_util_sh.py'
[0.880s] INFO:colcon.colcon_core.shell:Creating prefix chain script '/home/server/dev_ws/install/setup.sh'
[0.882s] INFO:colcon.colcon_core.shell:Creating prefix script '/home/server/dev_ws/install/local_setup.bash'
[0.882s] INFO:colcon.colcon_core.shell:Creating prefix chain script '/home/server/dev_ws/install/setup.bash'
[0.883s] INFO:colcon.colcon_core.shell:Creating prefix script '/home/server/dev_ws/install/local_setup.zsh'
[0.884s] INFO:colcon.colcon_core.shell:Creating prefix chain script '/home/server/dev_ws/install/setup.zsh'
