[0.008s] Invoking command in '/home/server/dev_ws/build/diffdrive_arduino': AMENT_PREFIX_PATH=/home/server/dev_ws/install/serial:${AMENT_PREFIX_PATH} CMAKE_PREFIX_PATH=/home/server/dev_ws/install/serial:/opt/ros/humble LD_LIBRARY_PATH=/home/server/dev_ws/install/serial/lib:${LD_LIBRARY_PATH} /usr/bin/cmake --build /home/server/dev_ws/build/diffdrive_arduino -- -j8 -l8
[0.047s] [35m[1mConsolidate compiler generated dependencies of target fake_robot[0m
[0.047s] [35m[1mConsolidate compiler generated dependencies of target diffdrive_arduino[0m
[0.066s] [ 42%] Built target fake_robot
[0.069s] [100%] Built target diffdrive_arduino
[0.079s] Invoked command in '/home/server/dev_ws/build/diffdrive_arduino' returned '0': AMENT_PREFIX_PATH=/home/server/dev_ws/install/serial:${AMENT_PREFIX_PATH} CMAKE_PREFIX_PATH=/home/server/dev_ws/install/serial:/opt/ros/humble LD_LIBRARY_PATH=/home/server/dev_ws/install/serial/lib:${LD_LIBRARY_PATH} /usr/bin/cmake --build /home/server/dev_ws/build/diffdrive_arduino -- -j8 -l8
[0.109s] Invoking command in '/home/server/dev_ws/build/diffdrive_arduino': AMENT_PREFIX_PATH=/home/server/dev_ws/install/serial:${AMENT_PREFIX_PATH} CMAKE_PREFIX_PATH=/home/server/dev_ws/install/serial:/opt/ros/humble LD_LIBRARY_PATH=/home/server/dev_ws/install/serial/lib:${LD_LIBRARY_PATH} /usr/bin/cmake --install /home/server/dev_ws/build/diffdrive_arduino
[0.116s] -- Install configuration: ""
[0.116s] -- Execute custom install script
[0.117s] -- Up-to-date symlink: /home/server/dev_ws/install/diffdrive_arduino/share/diffdrive_arduino//robot_hardware.xml
[0.117s] -- Up-to-date symlink: /home/server/dev_ws/install/diffdrive_arduino/share/diffdrive_arduino//fake_robot_hardware.xml
[0.117s] -- Up-to-date symlink: /home/server/dev_ws/install/diffdrive_arduino/lib/libdiffdrive_arduino.so
[0.117s] -- Up-to-date symlink: /home/server/dev_ws/install/diffdrive_arduino/lib/libfake_robot.so
[0.118s] -- Up-to-date symlink: /home/server/dev_ws/install/diffdrive_arduino/share/diffdrive_arduino/controllers/robot_controller_example.yaml
[0.118s] -- Up-to-date symlink: /home/server/dev_ws/install/diffdrive_arduino/share/diffdrive_arduino/fake_robot.launch.py
[0.118s] -- Up-to-date symlink: /home/server/dev_ws/install/diffdrive_arduino/share/diffdrive_arduino/test_robot.launch.py
[0.118s] -- Up-to-date symlink: /home/server/dev_ws/install/diffdrive_arduino/share/diffdrive_arduino/environment/library_path.sh
[0.118s] -- Up-to-date symlink: /home/server/dev_ws/install/diffdrive_arduino/share/diffdrive_arduino/environment/library_path.dsv
[0.118s] -- Up-to-date symlink: /home/server/dev_ws/install/diffdrive_arduino/share/ament_index/resource_index/package_run_dependencies/diffdrive_arduino
[0.119s] -- Up-to-date symlink: /home/server/dev_ws/install/diffdrive_arduino/share/ament_index/resource_index/parent_prefix_path/diffdrive_arduino
[0.119s] -- Up-to-date symlink: /home/server/dev_ws/install/diffdrive_arduino/share/diffdrive_arduino/environment/ament_prefix_path.sh
[0.119s] -- Up-to-date symlink: /home/server/dev_ws/install/diffdrive_arduino/share/diffdrive_arduino/environment/ament_prefix_path.dsv
[0.119s] -- Up-to-date symlink: /home/server/dev_ws/install/diffdrive_arduino/share/diffdrive_arduino/environment/path.sh
[0.119s] -- Up-to-date symlink: /home/server/dev_ws/install/diffdrive_arduino/share/diffdrive_arduino/environment/path.dsv
[0.120s] -- Up-to-date symlink: /home/server/dev_ws/install/diffdrive_arduino/share/diffdrive_arduino/local_setup.bash
[0.120s] -- Up-to-date symlink: /home/server/dev_ws/install/diffdrive_arduino/share/diffdrive_arduino/local_setup.sh
[0.120s] -- Up-to-date symlink: /home/server/dev_ws/install/diffdrive_arduino/share/diffdrive_arduino/local_setup.zsh
[0.120s] -- Up-to-date symlink: /home/server/dev_ws/install/diffdrive_arduino/share/diffdrive_arduino/local_setup.dsv
[0.120s] -- Symlinking: /home/server/dev_ws/install/diffdrive_arduino/share/diffdrive_arduino/package.dsv
[0.129s] -- Up-to-date symlink: /home/server/dev_ws/install/diffdrive_arduino/share/ament_index/resource_index/packages/diffdrive_arduino
[0.129s] -- Up-to-date symlink: /home/server/dev_ws/install/diffdrive_arduino/share/ament_index/resource_index/hardware_interface__pluginlib__plugin/diffdrive_arduino
[0.129s] -- Up-to-date symlink: /home/server/dev_ws/install/diffdrive_arduino/share/diffdrive_arduino/cmake/ament_cmake_export_libraries-extras.cmake
[0.129s] -- Up-to-date symlink: /home/server/dev_ws/install/diffdrive_arduino/share/diffdrive_arduino/cmake/ament_cmake_export_dependencies-extras.cmake
[0.129s] -- Up-to-date symlink: /home/server/dev_ws/install/diffdrive_arduino/share/diffdrive_arduino/cmake/diffdrive_arduinoConfig.cmake
[0.129s] -- Up-to-date symlink: /home/server/dev_ws/install/diffdrive_arduino/share/diffdrive_arduino/cmake/diffdrive_arduinoConfig-version.cmake
[0.130s] -- Up-to-date symlink: /home/server/dev_ws/install/diffdrive_arduino/share/diffdrive_arduino/package.xml
[0.131s] Invoked command in '/home/server/dev_ws/build/diffdrive_arduino' returned '0': AMENT_PREFIX_PATH=/home/server/dev_ws/install/serial:${AMENT_PREFIX_PATH} CMAKE_PREFIX_PATH=/home/server/dev_ws/install/serial:/opt/ros/humble LD_LIBRARY_PATH=/home/server/dev_ws/install/serial/lib:${LD_LIBRARY_PATH} /usr/bin/cmake --install /home/server/dev_ws/build/diffdrive_arduino
