[0.012s] Invoking command in '/home/server/dev_ws/build/my_bot': CMAKE_PREFIX_PATH=${CMAKE_PREFIX_PATH}:/home/server/dev_ws/install/serial_motor_demo:/opt/ros/humble /usr/bin/cmake --build /home/server/dev_ws/build/my_bot -- -j8 -l8
[0.048s] Invoked command in '/home/server/dev_ws/build/my_bot' returned '0': CMAKE_PREFIX_PATH=${CMAKE_PREFIX_PATH}:/home/server/dev_ws/install/serial_motor_demo:/opt/ros/humble /usr/bin/cmake --build /home/server/dev_ws/build/my_bot -- -j8 -l8
[0.095s] Invoking command in '/home/server/dev_ws/build/my_bot': CMAKE_PREFIX_PATH=${CMAKE_PREFIX_PATH}:/home/server/dev_ws/install/serial_motor_demo:/opt/ros/humble /usr/bin/cmake --install /home/server/dev_ws/build/my_bot
[0.103s] -- Install configuration: ""
[0.103s] -- Up-to-date: /home/server/dev_ws/install/my_bot/share/my_bot/config
[0.103s] -- Up-to-date: /home/server/dev_ws/install/my_bot/share/my_bot/config/my_controllers.yaml
[0.103s] -- Up-to-date: /home/server/dev_ws/install/my_bot/share/my_bot/config/gazebo_params.yaml
[0.103s] -- Up-to-date: /home/server/dev_ws/install/my_bot/share/my_bot/description
[0.104s] -- Up-to-date: /home/server/dev_ws/install/my_bot/share/my_bot/description/camera.xacro
[0.104s] -- Up-to-date: /home/server/dev_ws/install/my_bot/share/my_bot/description/robot.urdf.xacro
[0.104s] -- Up-to-date: /home/server/dev_ws/install/my_bot/share/my_bot/description/robot_core.xacro
[0.104s] -- Up-to-date: /home/server/dev_ws/install/my_bot/share/my_bot/description/ros2_control.xacro
[0.104s] -- Up-to-date: /home/server/dev_ws/install/my_bot/share/my_bot/description/gazebo_control.xacro
[0.104s] -- Up-to-date: /home/server/dev_ws/install/my_bot/share/my_bot/description/inertial_macros.xacro
[0.104s] -- Up-to-date: /home/server/dev_ws/install/my_bot/share/my_bot/worlds
[0.104s] -- Up-to-date: /home/server/dev_ws/install/my_bot/share/my_bot/worlds/mp.world
[0.105s] -- Up-to-date: /home/server/dev_ws/install/my_bot/share/my_bot/worlds/empty.world
[0.105s] -- Up-to-date: /home/server/dev_ws/install/my_bot/share/my_bot/launch
[0.105s] -- Up-to-date: /home/server/dev_ws/install/my_bot/share/my_bot/launch/rsp.launch.py
[0.105s] -- Installing: /home/server/dev_ws/install/my_bot/share/my_bot/launch/launch_sim.launch.py
[0.105s] -- Up-to-date: /home/server/dev_ws/install/my_bot/share/my_bot/meshes
[0.105s] -- Up-to-date: /home/server/dev_ws/install/my_bot/share/my_bot/meshes/collision
[0.106s] -- Up-to-date: /home/server/dev_ws/install/my_bot/share/my_bot/meshes/collision/left_wheel_link.STL
[0.106s] -- Up-to-date: /home/server/dev_ws/install/my_bot/share/my_bot/meshes/collision/right_wheel_link.STL
[0.106s] -- Up-to-date: /home/server/dev_ws/install/my_bot/share/my_bot/meshes/collision/camera_link.STL
[0.106s] -- Up-to-date: /home/server/dev_ws/install/my_bot/share/my_bot/meshes/collision/base_link.STL
[0.106s] -- Up-to-date: /home/server/dev_ws/install/my_bot/share/my_bot/meshes/collision/wheel_caster_link.STL
[0.106s] -- Up-to-date: /home/server/dev_ws/install/my_bot/share/my_bot/meshes/collision/base_caster_link.STL
[0.106s] -- Up-to-date: /home/server/dev_ws/install/my_bot/share/my_bot/meshes/visual
[0.106s] -- Up-to-date: /home/server/dev_ws/install/my_bot/share/my_bot/meshes/visual/base_caster_link.dae
[0.107s] -- Up-to-date: /home/server/dev_ws/install/my_bot/share/my_bot/meshes/visual/base_link.dae
[0.107s] -- Up-to-date: /home/server/dev_ws/install/my_bot/share/my_bot/meshes/visual/left_wheel_link.dae
[0.107s] -- Up-to-date: /home/server/dev_ws/install/my_bot/share/my_bot/meshes/visual/right_wheel_link.dae
[0.108s] -- Up-to-date: /home/server/dev_ws/install/my_bot/share/my_bot/meshes/visual/camera_link.dae
[0.109s] -- Up-to-date: /home/server/dev_ws/install/my_bot/share/my_bot/meshes/visual/wheel_caster_link.dae
[0.109s] -- Up-to-date: /home/server/dev_ws/install/my_bot/share/ament_index/resource_index/package_run_dependencies/my_bot
[0.109s] -- Up-to-date: /home/server/dev_ws/install/my_bot/share/ament_index/resource_index/parent_prefix_path/my_bot
[0.110s] -- Up-to-date: /home/server/dev_ws/install/my_bot/share/my_bot/environment/ament_prefix_path.sh
[0.110s] -- Up-to-date: /home/server/dev_ws/install/my_bot/share/my_bot/environment/ament_prefix_path.dsv
[0.110s] -- Up-to-date: /home/server/dev_ws/install/my_bot/share/my_bot/environment/path.sh
[0.110s] -- Up-to-date: /home/server/dev_ws/install/my_bot/share/my_bot/environment/path.dsv
[0.111s] -- Up-to-date: /home/server/dev_ws/install/my_bot/share/my_bot/local_setup.bash
[0.111s] -- Up-to-date: /home/server/dev_ws/install/my_bot/share/my_bot/local_setup.sh
[0.111s] -- Up-to-date: /home/server/dev_ws/install/my_bot/share/my_bot/local_setup.zsh
[0.111s] -- Up-to-date: /home/server/dev_ws/install/my_bot/share/my_bot/local_setup.dsv
[0.112s] -- Installing: /home/server/dev_ws/install/my_bot/share/my_bot/package.dsv
[0.112s] -- Up-to-date: /home/server/dev_ws/install/my_bot/share/ament_index/resource_index/packages/my_bot
[0.112s] -- Up-to-date: /home/server/dev_ws/install/my_bot/share/my_bot/cmake/my_botConfig.cmake
[0.112s] -- Up-to-date: /home/server/dev_ws/install/my_bot/share/my_bot/cmake/my_botConfig-version.cmake
[0.113s] -- Up-to-date: /home/server/dev_ws/install/my_bot/share/my_bot/package.xml
[0.114s] Invoked command in '/home/server/dev_ws/build/my_bot' returned '0': CMAKE_PREFIX_PATH=${CMAKE_PREFIX_PATH}:/home/server/dev_ws/install/serial_motor_demo:/opt/ros/humble /usr/bin/cmake --install /home/server/dev_ws/build/my_bot
