[0.016s] Invoking command in '/home/server/dev_ws/build/serial': CMAKE_PREFIX_PATH=/opt/ros/humble /usr/bin/cmake --build /home/server/dev_ws/build/serial -- -j8 -l8
[0.054s] [35m[1mConsolidate compiler generated dependencies of target gtest_main[0m
[0.054s] [35m[1mConsolidate compiler generated dependencies of target gtest[0m
[0.054s] [35m[1mConsolidate compiler generated dependencies of target serial[0m
[0.067s] [ 28%] Built target gtest
[0.067s] [ 28%] Built target gtest_main
[0.067s] [ 57%] Built target serial
[0.077s] [35m[1mConsolidate compiler generated dependencies of target serial_example[0m
[0.080s] [35m[1mConsolidate compiler generated dependencies of target serial-test[0m
[0.080s] [35m[1mConsolidate compiler generated dependencies of target serial-test-timer[0m
[0.090s] [ 71%] Built target serial_example
[0.096s] [100%] Built target serial-test
[0.096s] [100%] Built target serial-test-timer
[0.106s] Invoked command in '/home/server/dev_ws/build/serial' returned '0': CMAKE_PREFIX_PATH=/opt/ros/humble /usr/bin/cmake --build /home/server/dev_ws/build/serial -- -j8 -l8
[0.139s] Invoking command in '/home/server/dev_ws/build/serial': CMAKE_PREFIX_PATH=/opt/ros/humble /usr/bin/cmake --install /home/server/dev_ws/build/serial
[0.146s] -- Install configuration: ""
[0.146s] -- Execute custom install script
[0.147s] -- Up-to-date symlink: /home/server/dev_ws/install/serial/lib/libserial.a
[0.147s] -- Up-to-date symlink: /home/server/dev_ws/install/serial/include/serial/serial.h
[0.147s] -- Up-to-date symlink: /home/server/dev_ws/install/serial/include/serial/v8stdint.h
[0.147s] -- Up-to-date symlink: /home/server/dev_ws/install/serial/share/serial/environment/library_path.sh
[0.147s] -- Up-to-date symlink: /home/server/dev_ws/install/serial/share/serial/environment/library_path.dsv
[0.148s] -- Up-to-date symlink: /home/server/dev_ws/install/serial/share/ament_index/resource_index/package_run_dependencies/serial
[0.148s] -- Up-to-date symlink: /home/server/dev_ws/install/serial/share/ament_index/resource_index/parent_prefix_path/serial
[0.148s] -- Up-to-date symlink: /home/server/dev_ws/install/serial/share/serial/environment/ament_prefix_path.sh
[0.148s] -- Up-to-date symlink: /home/server/dev_ws/install/serial/share/serial/environment/ament_prefix_path.dsv
[0.148s] -- Up-to-date symlink: /home/server/dev_ws/install/serial/share/serial/environment/path.sh
[0.148s] -- Up-to-date symlink: /home/server/dev_ws/install/serial/share/serial/environment/path.dsv
[0.149s] -- Up-to-date symlink: /home/server/dev_ws/install/serial/share/serial/local_setup.bash
[0.149s] -- Up-to-date symlink: /home/server/dev_ws/install/serial/share/serial/local_setup.sh
[0.153s] -- Up-to-date symlink: /home/server/dev_ws/install/serial/share/serial/local_setup.zsh
[0.153s] -- Up-to-date symlink: /home/server/dev_ws/install/serial/share/serial/local_setup.dsv
[0.153s] -- Symlinking: /home/server/dev_ws/install/serial/share/serial/package.dsv
[0.158s] -- Up-to-date symlink: /home/server/dev_ws/install/serial/share/ament_index/resource_index/packages/serial
[0.159s] -- Up-to-date symlink: /home/server/dev_ws/install/serial/share/serial/cmake/ament_cmake_export_include_directories-extras.cmake
[0.159s] -- Up-to-date symlink: /home/server/dev_ws/install/serial/share/serial/cmake/ament_cmake_export_libraries-extras.cmake
[0.159s] -- Up-to-date symlink: /home/server/dev_ws/install/serial/share/serial/cmake/serialConfig.cmake
[0.159s] -- Up-to-date symlink: /home/server/dev_ws/install/serial/share/serial/cmake/serialConfig-version.cmake
[0.160s] -- Up-to-date symlink: /home/server/dev_ws/install/serial/share/serial/package.xml
[0.164s] Invoked command in '/home/server/dev_ws/build/serial' returned '0': CMAKE_PREFIX_PATH=/opt/ros/humble /usr/bin/cmake --install /home/server/dev_ws/build/serial
