[0.012s] Invoking command in '/home/server/dev_ws/build/my_bot': CMAKE_PREFIX_PATH=/opt/ros/humble /usr/bin/cmake --build /home/server/dev_ws/build/my_bot -- -j8 -l8
[0.032s] -- Found ament_cmake: 1.3.5 (/opt/ros/humble/share/ament_cmake/cmake)
[0.158s] -- Found ament_lint_auto: 0.12.7 (/opt/ros/humble/share/ament_lint_auto/cmake)
[0.220s] -- Added test 'flake8' to check Python code syntax and style conventions
[0.220s] -- Added test 'lint_cmake' to check CMake code style
[0.221s] -- Added test 'pep257' to check Python code against some of the docstring style conventions in PEP 257
[0.224s] -- Added test 'xmllint' to check XML markup files
[0.225s] -- Configuring done
[0.228s] -- Generating done
[0.228s] -- Build files have been written to: /home/server/dev_ws/build/my_bot
[0.247s] Invoked command in '/home/server/dev_ws/build/my_bot' returned '0': CMAKE_PREFIX_PATH=/opt/ros/humble /usr/bin/cmake --build /home/server/dev_ws/build/my_bot -- -j8 -l8
[0.274s] Invoking command in '/home/server/dev_ws/build/my_bot': CMAKE_PREFIX_PATH=/opt/ros/humble /usr/bin/cmake --install /home/server/dev_ws/build/my_bot
[0.280s] -- Install configuration: ""
[0.281s] -- Up-to-date: /home/server/dev_ws/install/my_bot/share/my_bot/config
[0.281s] -- Up-to-date: /home/server/dev_ws/install/my_bot/share/my_bot/config/my_controllers.yaml
[0.281s] -- Up-to-date: /home/server/dev_ws/install/my_bot/share/my_bot/description
[0.281s] -- Up-to-date: /home/server/dev_ws/install/my_bot/share/my_bot/description/camera.xacro
[0.281s] -- Up-to-date: /home/server/dev_ws/install/my_bot/share/my_bot/description/robot.urdf.xacro
[0.281s] -- Up-to-date: /home/server/dev_ws/install/my_bot/share/my_bot/description/robot_core.xacro
[0.281s] -- Up-to-date: /home/server/dev_ws/install/my_bot/share/my_bot/description/ros2_control.xacro
[0.281s] -- Up-to-date: /home/server/dev_ws/install/my_bot/share/my_bot/description/gazebo_control.xacro
[0.281s] -- Up-to-date: /home/server/dev_ws/install/my_bot/share/my_bot/description/inertial_macros.xacro
[0.281s] -- Up-to-date: /home/server/dev_ws/install/my_bot/share/my_bot/launch
[0.281s] -- Up-to-date: /home/server/dev_ws/install/my_bot/share/my_bot/launch/rsp.launch.py
[0.281s] -- Up-to-date: /home/server/dev_ws/install/my_bot/share/my_bot/launch/launch_sim.launch.py
[0.281s] -- Installing: /home/server/dev_ws/install/my_bot/share/my_bot/meshes
[0.281s] -- Installing: /home/server/dev_ws/install/my_bot/share/my_bot/meshes/collision
[0.281s] -- Installing: /home/server/dev_ws/install/my_bot/share/my_bot/meshes/collision/left_wheel_link.STL
[0.282s] -- Installing: /home/server/dev_ws/install/my_bot/share/my_bot/meshes/collision/right_wheel_link.STL
[0.283s] -- Installing: /home/server/dev_ws/install/my_bot/share/my_bot/meshes/collision/camera_link.STL
[0.283s] -- Installing: /home/server/dev_ws/install/my_bot/share/my_bot/meshes/collision/base_link.STL
[0.289s] -- Installing: /home/server/dev_ws/install/my_bot/share/my_bot/meshes/collision/wheel_caster_link.STL
[0.290s] -- Installing: /home/server/dev_ws/install/my_bot/share/my_bot/meshes/collision/base_caster_link.STL
[0.290s] -- Installing: /home/server/dev_ws/install/my_bot/share/my_bot/meshes/visual
[0.290s] -- Installing: /home/server/dev_ws/install/my_bot/share/my_bot/meshes/visual/base_caster_link.dae
[0.291s] -- Installing: /home/server/dev_ws/install/my_bot/share/my_bot/meshes/visual/base_link.dae
[0.298s] -- Installing: /home/server/dev_ws/install/my_bot/share/my_bot/meshes/visual/left_wheel_link.dae
[0.300s] -- Installing: /home/server/dev_ws/install/my_bot/share/my_bot/meshes/visual/right_wheel_link.dae
[0.301s] -- Installing: /home/server/dev_ws/install/my_bot/share/my_bot/meshes/visual/camera_link.dae
[0.301s] -- Installing: /home/server/dev_ws/install/my_bot/share/my_bot/meshes/visual/wheel_caster_link.dae
[0.302s] -- Installing: /home/server/dev_ws/install/my_bot/share/ament_index/resource_index/package_run_dependencies/my_bot
[0.302s] -- Installing: /home/server/dev_ws/install/my_bot/share/ament_index/resource_index/parent_prefix_path/my_bot
[0.302s] -- Installing: /home/server/dev_ws/install/my_bot/share/my_bot/environment/ament_prefix_path.sh
[0.303s] -- Installing: /home/server/dev_ws/install/my_bot/share/my_bot/environment/ament_prefix_path.dsv
[0.303s] -- Installing: /home/server/dev_ws/install/my_bot/share/my_bot/environment/path.sh
[0.303s] -- Installing: /home/server/dev_ws/install/my_bot/share/my_bot/environment/path.dsv
[0.303s] -- Installing: /home/server/dev_ws/install/my_bot/share/my_bot/local_setup.bash
[0.303s] -- Installing: /home/server/dev_ws/install/my_bot/share/my_bot/local_setup.sh
[0.303s] -- Installing: /home/server/dev_ws/install/my_bot/share/my_bot/local_setup.zsh
[0.303s] -- Installing: /home/server/dev_ws/install/my_bot/share/my_bot/local_setup.dsv
[0.304s] -- Installing: /home/server/dev_ws/install/my_bot/share/my_bot/package.dsv
[0.304s] -- Installing: /home/server/dev_ws/install/my_bot/share/ament_index/resource_index/packages/my_bot
[0.304s] -- Installing: /home/server/dev_ws/install/my_bot/share/my_bot/cmake/my_botConfig.cmake
[0.304s] -- Installing: /home/server/dev_ws/install/my_bot/share/my_bot/cmake/my_botConfig-version.cmake
[0.304s] -- Installing: /home/server/dev_ws/install/my_bot/share/my_bot/package.xml
[0.307s] Invoked command in '/home/server/dev_ws/build/my_bot' returned '0': CMAKE_PREFIX_PATH=/opt/ros/humble /usr/bin/cmake --install /home/server/dev_ws/build/my_bot
